2024-03-01 09:11:59.000,MSSQLSERVER,Audit Login,,user102,DBSERVER02,,LoginName=user102;StatementText=SELECT order_id, product_id, qty FROM orders WHERE order_date > '2024-03-01';RowsAffected=10;DatabaseName=CustomerDB;
2024-03-01 10:01:29.000,MSSQLSERVER,Audit Login,,user104,DBSERVER02,,LoginName=user104;StatementText=SELECT id, created_at FROM sessions WHERE expires_at < NOW();RowsAffected=1;DatabaseName=CustomerDB;
2024-03-01 12:31:24.000,MSSQLSERVER,Audit Login,,user104,DBSERVER02,,LoginName=user104;StatementText=SELECT order_id, product_id, qty FROM orders WHERE order_date > '2024-03-01';RowsAffected=8;DatabaseName=CustomerDB;
2024-03-01 12:44:18.000,MSSQLSERVER,Audit Login,,user104,DBSERVER02,,LoginName=user104;StatementText=UPDATE orders SET status='shipped' WHERE order_id=12345;RowsAffected=1;DatabaseName=CustomerDB;
2024-03-01 13:40:57.000,MSSQLSERVER,Audit Login,,user105,DBSERVER02,,LoginName=user105;StatementText=SELECT COUNT(*) FROM orders GROUP BY status;RowsAffected=5;DatabaseName=CustomerDB;
2024-03-01 13:59:02.000,MSSQLSERVER,Audit Login,,user102,DBSERVER02,,LoginName=user102;StatementText=SELECT id, created_at FROM sessions WHERE expires_at < NOW();RowsAffected=9;DatabaseName=CustomerDB;
2024-03-01 13:59:51.000,MSSQLSERVER,Audit Login,,user202,DBSERVER02,,LoginName=user202;StatementText=SELECT product_name, price FROM products WHERE category='electronics';RowsAffected=6;DatabaseName=CustomerDB;
2024-03-01 16:09:41.000,MSSQLSERVER,Audit Login,,user203,DBSERVER02,,LoginName=user203;StatementText=SELECT id, created_at FROM sessions WHERE expires_at < NOW();RowsAffected=0;DatabaseName=CustomerDB;
2024-03-02 05:42:55.000,MSSQLSERVER,Audit Login,,emp007,DBSERVER02,,LoginName=emp007;StatementText=SELECT cust_name, rrn, email, address FROM members WHERE id=7921;RowsAffected=7;DatabaseName=CustomerDB;
2024-03-02 10:04:36.000,MSSQLSERVER,Audit Login,,user102,DBSERVER02,,LoginName=user102;StatementText=SELECT id, created_at FROM sessions WHERE expires_at < NOW();RowsAffected=4;DatabaseName=CustomerDB;
2024-03-02 11:31:41.000,MSSQLSERVER,Audit Login,,user102,DBSERVER02,,LoginName=user102;StatementText=SELECT order_id, product_id, qty FROM orders WHERE order_date > '2024-03-01';RowsAffected=7;DatabaseName=CustomerDB;
2024-03-02 13:48:52.000,MSSQLSERVER,Audit Login,,user201,DBSERVER02,,LoginName=user201;StatementText=SELECT order_id, product_id, qty FROM orders WHERE order_date > '2024-03-01';RowsAffected=0;DatabaseName=CustomerDB;
2024-03-02 14:18:13.000,MSSQLSERVER,Audit Login,,user101,DBSERVER02,,LoginName=user101;StatementText=SELECT product_name, price FROM products WHERE category='electronics';RowsAffected=4;DatabaseName=CustomerDB;
2024-03-03 09:55:51.000,MSSQLSERVER,Audit Login,,user104,DBSERVER02,,LoginName=user104;StatementText=SELECT COUNT(*) FROM orders GROUP BY status;RowsAffected=8;DatabaseName=CustomerDB;
2024-03-03 10:17:09.000,MSSQLSERVER,Audit Login,,user201,DBSERVER02,,LoginName=user201;StatementText=SELECT product_name, price FROM products WHERE category='electronics';RowsAffected=2;DatabaseName=CustomerDB;
2024-03-03 12:27:21.000,MSSQLSERVER,Audit Login,,user104,DBSERVER02,,LoginName=user104;StatementText=SELECT id, created_at FROM sessions WHERE expires_at < NOW();RowsAffected=10;DatabaseName=CustomerDB;
2024-03-03 13:20:23.000,MSSQLSERVER,Audit Login,,user101,DBSERVER02,,LoginName=user101;StatementText=SELECT product_name, price FROM products WHERE category='electronics';RowsAffected=1;DatabaseName=CustomerDB;
2024-03-03 14:03:38.000,MSSQLSERVER,Audit Login,,user201,DBSERVER02,,LoginName=user201;StatementText=SELECT id, created_at FROM sessions WHERE expires_at < NOW();RowsAffected=3;DatabaseName=CustomerDB;
2024-03-03 14:22:28.000,MSSQLSERVER,Audit Login,,user101,DBSERVER02,,LoginName=user101;StatementText=SELECT product_name, price FROM products WHERE category='electronics';RowsAffected=8;DatabaseName=CustomerDB;
2024-03-03 16:37:31.000,MSSQLSERVER,Audit Login,,user104,DBSERVER02,,LoginName=user104;StatementText=SELECT order_id, product_id, qty FROM orders WHERE order_date > '2024-03-01';RowsAffected=6;DatabaseName=CustomerDB;
2024-03-03 16:47:12.000,MSSQLSERVER,Audit Login,,user203,DBSERVER02,,LoginName=user203;StatementText=SELECT COUNT(*) FROM orders GROUP BY status;RowsAffected=0;DatabaseName=CustomerDB;
2024-03-03 16:48:49.000,MSSQLSERVER,Audit Login,,user201,DBSERVER02,,LoginName=user201;StatementText=UPDATE orders SET status='shipped' WHERE order_id=12345;RowsAffected=10;DatabaseName=CustomerDB;
2024-03-03 16:59:12.000,MSSQLSERVER,Audit Login,,user203,DBSERVER02,,LoginName=user203;StatementText=INSERT INTO audit_log(user_id, action) VALUES('user101', 'login');RowsAffected=6;DatabaseName=CustomerDB;
2024-03-04 01:21:31.000,MSSQLSERVER,Audit Login,,emp007,DBSERVER02,,LoginName=emp007;StatementText=SELECT cust_name, rrn, email, address FROM members WHERE id=9237;RowsAffected=6;DatabaseName=CustomerDB;
2024-03-04 03:10:01.000,MSSQLSERVER,Audit Login,,emp007,DBSERVER02,,LoginName=emp007;StatementText=SELECT cust_name, rrn, email, address FROM members WHERE id=9821;RowsAffected=6;DatabaseName=CustomerDB;
2024-03-04 12:47:26.000,MSSQLSERVER,Audit Login,,user104,DBSERVER02,,LoginName=user104;StatementText=SELECT COUNT(*) FROM orders GROUP BY status;RowsAffected=6;DatabaseName=CustomerDB;
2024-03-04 12:51:41.000,MSSQLSERVER,Audit Login,,user202,DBSERVER02,,LoginName=user202;StatementText=SELECT id, created_at FROM sessions WHERE expires_at < NOW();RowsAffected=8;DatabaseName=CustomerDB;
2024-03-04 13:55:01.000,MSSQLSERVER,Audit Login,,user201,DBSERVER02,,LoginName=user201;StatementText=SELECT COUNT(*) FROM orders GROUP BY status;RowsAffected=6;DatabaseName=CustomerDB;
2024-03-04 15:49:10.000,MSSQLSERVER,Audit Login,,user103,DBSERVER02,,LoginName=user103;StatementText=SELECT order_id, product_id, qty FROM orders WHERE order_date > '2024-03-01';RowsAffected=7;DatabaseName=CustomerDB;
2024-03-04 16:20:35.000,MSSQLSERVER,Audit Login,,user203,DBSERVER02,,LoginName=user203;StatementText=SELECT order_id, product_id, qty FROM orders WHERE order_date > '2024-03-01';RowsAffected=7;DatabaseName=CustomerDB;
2024-03-04 16:29:26.000,MSSQLSERVER,Audit Login,,user103,DBSERVER02,,LoginName=user103;StatementText=SELECT COUNT(*) FROM orders GROUP BY status;RowsAffected=5;DatabaseName=CustomerDB;
2024-03-04 17:59:07.000,MSSQLSERVER,Audit Login,,admin01,DBSERVER02,,LoginName=admin01;StatementText=SELECT cust_name, rrn, phone, card_no FROM customers WHERE dept='영업부';RowsAffected=4866;DatabaseName=CustomerDB;
2024-03-04 17:59:22.000,MSSQLSERVER,Audit Login,,user203,DBSERVER02,,LoginName=user203;StatementText=UPDATE orders SET status='shipped' WHERE order_id=12345;RowsAffected=10;DatabaseName=CustomerDB;
2024-03-05 03:22:51.000,MSSQLSERVER,Audit Login,,emp007,DBSERVER02,,LoginName=emp007;StatementText=SELECT cust_name, rrn, email, address FROM members WHERE id=1440;RowsAffected=6;DatabaseName=CustomerDB;
2024-03-05 09:44:36.000,MSSQLSERVER,Audit Login,,user201,DBSERVER02,,LoginName=user201;StatementText=SELECT order_id, product_id, qty FROM orders WHERE order_date > '2024-03-01';RowsAffected=4;DatabaseName=CustomerDB;
2024-03-05 10:52:33.000,MSSQLSERVER,Audit Login,,user201,DBSERVER02,,LoginName=user201;StatementText=SELECT id, created_at FROM sessions WHERE expires_at < NOW();RowsAffected=2;DatabaseName=CustomerDB;
2024-03-05 14:15:34.000,MSSQLSERVER,Audit Login,,user104,DBSERVER02,,LoginName=user104;StatementText=SELECT order_id, product_id, qty FROM orders WHERE order_date > '2024-03-01';RowsAffected=10;DatabaseName=CustomerDB;
2024-03-05 14:18:15.000,MSSQLSERVER,Audit Login,,user104,DBSERVER02,,LoginName=user104;StatementText=SELECT id, created_at FROM sessions WHERE expires_at < NOW();RowsAffected=1;DatabaseName=CustomerDB;
2024-03-05 15:23:24.000,MSSQLSERVER,Audit Login,,user202,DBSERVER02,,LoginName=user202;StatementText=UPDATE orders SET status='shipped' WHERE order_id=12345;RowsAffected=0;DatabaseName=CustomerDB;
2024-03-05 16:42:27.000,MSSQLSERVER,Audit Login,,user101,DBSERVER02,,LoginName=user101;StatementText=SELECT COUNT(*) FROM orders GROUP BY status;RowsAffected=1;DatabaseName=CustomerDB;
2024-03-06 02:08:01.000,MSSQLSERVER,Audit Login,,emp007,DBSERVER02,,LoginName=emp007;StatementText=SELECT cust_name, rrn, email, address FROM members WHERE id=5233;RowsAffected=5;DatabaseName=CustomerDB;
2024-03-06 02:23:27.000,MSSQLSERVER,Audit Login,,emp007,DBSERVER02,,LoginName=emp007;StatementText=SELECT cust_name, rrn, email, address FROM members WHERE id=4305;RowsAffected=8;DatabaseName=CustomerDB;
2024-03-06 09:31:32.000,MSSQLSERVER,Audit Login,,user103,DBSERVER02,,LoginName=user103;StatementText=SELECT order_id, product_id, qty FROM orders WHERE order_date > '2024-03-01';RowsAffected=1;DatabaseName=CustomerDB;
2024-03-06 10:47:59.000,MSSQLSERVER,Audit Login,,user104,DBSERVER02,,LoginName=user104;StatementText=SELECT id, created_at FROM sessions WHERE expires_at < NOW();RowsAffected=9;DatabaseName=CustomerDB;
2024-03-06 10:55:50.000,MSSQLSERVER,Audit Login,,user202,DBSERVER02,,LoginName=user202;StatementText=UPDATE orders SET status='shipped' WHERE order_id=12345;RowsAffected=5;DatabaseName=CustomerDB;
2024-03-06 11:53:45.000,MSSQLSERVER,Audit Login,,user105,DBSERVER02,,LoginName=user105;StatementText=SELECT id, created_at FROM sessions WHERE expires_at < NOW();RowsAffected=10;DatabaseName=CustomerDB;
2024-03-06 12:07:02.000,MSSQLSERVER,Audit Login,,user103,DBSERVER02,,LoginName=user103;StatementText=UPDATE orders SET status='shipped' WHERE order_id=12345;RowsAffected=9;DatabaseName=CustomerDB;
2024-03-06 17:02:24.000,MSSQLSERVER,Audit Login,,user104,DBSERVER02,,LoginName=user104;StatementText=SELECT id, created_at FROM sessions WHERE expires_at < NOW();RowsAffected=3;DatabaseName=CustomerDB;
2024-03-06 17:55:02.000,MSSQLSERVER,Audit Login,,user203,DBSERVER02,,LoginName=user203;StatementText=UPDATE orders SET status='shipped' WHERE order_id=12345;RowsAffected=1;DatabaseName=CustomerDB;
2024-03-07 04:25:16.000,MSSQLSERVER,Audit Login,,emp007,DBSERVER02,,LoginName=emp007;StatementText=SELECT cust_name, rrn, email, address FROM members WHERE id=9443;RowsAffected=8;DatabaseName=CustomerDB;
2024-03-07 09:01:39.000,MSSQLSERVER,Audit Login,,user105,DBSERVER02,,LoginName=user105;StatementText=SELECT order_id, product_id, qty FROM orders WHERE order_date > '2024-03-01';RowsAffected=0;DatabaseName=CustomerDB;
2024-03-07 09:30:00.000,MSSQLSERVER,Audit Login,,emp003,DBSERVER02,,LoginName=emp003;StatementText=SELECT name, phone, rrn FROM customers WHERE cust_id=5663;RowsAffected=3;DatabaseName=CustomerDB;
2024-03-07 09:30:22.000,MSSQLSERVER,Audit Login,,emp003,DBSERVER02,,LoginName=emp003;StatementText=SELECT name, phone, rrn FROM customers WHERE cust_id=6756;RowsAffected=3;DatabaseName=CustomerDB;
2024-03-07 09:30:44.000,MSSQLSERVER,Audit Login,,emp003,DBSERVER02,,LoginName=emp003;StatementText=SELECT name, phone, rrn FROM customers WHERE cust_id=8300;RowsAffected=1;DatabaseName=CustomerDB;
2024-03-07 09:31:06.000,MSSQLSERVER,Audit Login,,emp003,DBSERVER02,,LoginName=emp003;StatementText=SELECT name, phone, rrn FROM customers WHERE cust_id=4533;RowsAffected=4;DatabaseName=CustomerDB;
2024-03-07 09:31:28.000,MSSQLSERVER,Audit Login,,emp003,DBSERVER02,,LoginName=emp003;StatementText=SELECT name, phone, rrn FROM customers WHERE cust_id=7809;RowsAffected=4;DatabaseName=CustomerDB;
2024-03-07 09:31:50.000,MSSQLSERVER,Audit Login,,emp003,DBSERVER02,,LoginName=emp003;StatementText=SELECT name, phone, rrn FROM customers WHERE cust_id=5728;RowsAffected=2;DatabaseName=CustomerDB;
2024-03-07 09:32:12.000,MSSQLSERVER,Audit Login,,emp003,DBSERVER02,,LoginName=emp003;StatementText=SELECT name, phone, rrn FROM customers WHERE cust_id=7944;RowsAffected=4;DatabaseName=CustomerDB;
2024-03-07 09:32:34.000,MSSQLSERVER,Audit Login,,emp003,DBSERVER02,,LoginName=emp003;StatementText=SELECT name, phone, rrn FROM customers WHERE cust_id=3286;RowsAffected=1;DatabaseName=CustomerDB;
2024-03-07 09:32:56.000,MSSQLSERVER,Audit Login,,emp003,DBSERVER02,,LoginName=emp003;StatementText=SELECT name, phone, rrn FROM customers WHERE cust_id=3353;RowsAffected=2;DatabaseName=CustomerDB;
2024-03-07 09:33:18.000,MSSQLSERVER,Audit Login,,emp003,DBSERVER02,,LoginName=emp003;StatementText=SELECT name, phone, rrn FROM customers WHERE cust_id=5968;RowsAffected=4;DatabaseName=CustomerDB;
2024-03-07 09:33:40.000,MSSQLSERVER,Audit Login,,emp003,DBSERVER02,,LoginName=emp003;StatementText=SELECT name, phone, rrn FROM customers WHERE cust_id=9606;RowsAffected=3;DatabaseName=CustomerDB;
2024-03-07 09:34:02.000,MSSQLSERVER,Audit Login,,emp003,DBSERVER02,,LoginName=emp003;StatementText=SELECT name, phone, rrn FROM customers WHERE cust_id=2083;RowsAffected=4;DatabaseName=CustomerDB;
2024-03-07 09:34:24.000,MSSQLSERVER,Audit Login,,emp003,DBSERVER02,,LoginName=emp003;StatementText=SELECT name, phone, rrn FROM customers WHERE cust_id=2449;RowsAffected=1;DatabaseName=CustomerDB;
2024-03-07 09:34:46.000,MSSQLSERVER,Audit Login,,emp003,DBSERVER02,,LoginName=emp003;StatementText=SELECT name, phone, rrn FROM customers WHERE cust_id=7708;RowsAffected=3;DatabaseName=CustomerDB;
2024-03-07 09:35:08.000,MSSQLSERVER,Audit Login,,emp003,DBSERVER02,,LoginName=emp003;StatementText=SELECT name, phone, rrn FROM customers WHERE cust_id=7791;RowsAffected=2;DatabaseName=CustomerDB;
2024-03-07 09:35:30.000,MSSQLSERVER,Audit Login,,emp003,DBSERVER02,,LoginName=emp003;StatementText=SELECT name, phone, rrn FROM customers WHERE cust_id=8571;RowsAffected=2;DatabaseName=CustomerDB;
2024-03-07 09:35:52.000,MSSQLSERVER,Audit Login,,emp003,DBSERVER02,,LoginName=emp003;StatementText=SELECT name, phone, rrn FROM customers WHERE cust_id=4264;RowsAffected=2;DatabaseName=CustomerDB;
2024-03-07 09:36:14.000,MSSQLSERVER,Audit Login,,emp003,DBSERVER02,,LoginName=emp003;StatementText=SELECT name, phone, rrn FROM customers WHERE cust_id=7254;RowsAffected=3;DatabaseName=CustomerDB;
2024-03-07 09:36:36.000,MSSQLSERVER,Audit Login,,emp003,DBSERVER02,,LoginName=emp003;StatementText=SELECT name, phone, rrn FROM customers WHERE cust_id=9037;RowsAffected=1;DatabaseName=CustomerDB;
2024-03-07 09:36:58.000,MSSQLSERVER,Audit Login,,emp003,DBSERVER02,,LoginName=emp003;StatementText=SELECT name, phone, rrn FROM customers WHERE cust_id=5947;RowsAffected=3;DatabaseName=CustomerDB;
2024-03-07 09:37:20.000,MSSQLSERVER,Audit Login,,emp003,DBSERVER02,,LoginName=emp003;StatementText=SELECT name, phone, rrn FROM customers WHERE cust_id=9095;RowsAffected=4;DatabaseName=CustomerDB;
2024-03-07 09:37:42.000,MSSQLSERVER,Audit Login,,emp003,DBSERVER02,,LoginName=emp003;StatementText=SELECT name, phone, rrn FROM customers WHERE cust_id=4678;RowsAffected=1;DatabaseName=CustomerDB;
2024-03-07 09:38:04.000,MSSQLSERVER,Audit Login,,emp003,DBSERVER02,,LoginName=emp003;StatementText=SELECT name, phone, rrn FROM customers WHERE cust_id=1040;RowsAffected=2;DatabaseName=CustomerDB;
2024-03-07 09:38:26.000,MSSQLSERVER,Audit Login,,emp003,DBSERVER02,,LoginName=emp003;StatementText=SELECT name, phone, rrn FROM customers WHERE cust_id=5303;RowsAffected=3;DatabaseName=CustomerDB;
2024-03-07 09:38:48.000,MSSQLSERVER,Audit Login,,emp003,DBSERVER02,,LoginName=emp003;StatementText=SELECT name, phone, rrn FROM customers WHERE cust_id=8742;RowsAffected=1;DatabaseName=CustomerDB;
2024-03-07 09:39:10.000,MSSQLSERVER,Audit Login,,emp003,DBSERVER02,,LoginName=emp003;StatementText=SELECT name, phone, rrn FROM customers WHERE cust_id=5713;RowsAffected=4;DatabaseName=CustomerDB;
2024-03-07 09:39:32.000,MSSQLSERVER,Audit Login,,emp003,DBSERVER02,,LoginName=emp003;StatementText=SELECT name, phone, rrn FROM customers WHERE cust_id=3938;RowsAffected=4;DatabaseName=CustomerDB;
2024-03-07 09:39:54.000,MSSQLSERVER,Audit Login,,emp003,DBSERVER02,,LoginName=emp003;StatementText=SELECT name, phone, rrn FROM customers WHERE cust_id=5009;RowsAffected=1;DatabaseName=CustomerDB;
2024-03-07 09:40:16.000,MSSQLSERVER,Audit Login,,emp003,DBSERVER02,,LoginName=emp003;StatementText=SELECT name, phone, rrn FROM customers WHERE cust_id=2955;RowsAffected=3;DatabaseName=CustomerDB;
2024-03-07 09:40:38.000,MSSQLSERVER,Audit Login,,emp003,DBSERVER02,,LoginName=emp003;StatementText=SELECT name, phone, rrn FROM customers WHERE cust_id=9078;RowsAffected=1;DatabaseName=CustomerDB;
2024-03-07 09:41:00.000,MSSQLSERVER,Audit Login,,emp003,DBSERVER02,,LoginName=emp003;StatementText=SELECT name, phone, rrn FROM customers WHERE cust_id=6927;RowsAffected=4;DatabaseName=CustomerDB;
2024-03-07 09:41:22.000,MSSQLSERVER,Audit Login,,emp003,DBSERVER02,,LoginName=emp003;StatementText=SELECT name, phone, rrn FROM customers WHERE cust_id=8144;RowsAffected=3;DatabaseName=CustomerDB;
2024-03-07 09:41:44.000,MSSQLSERVER,Audit Login,,emp003,DBSERVER02,,LoginName=emp003;StatementText=SELECT name, phone, rrn FROM customers WHERE cust_id=8799;RowsAffected=1;DatabaseName=CustomerDB;
2024-03-07 09:42:06.000,MSSQLSERVER,Audit Login,,emp003,DBSERVER02,,LoginName=emp003;StatementText=SELECT name, phone, rrn FROM customers WHERE cust_id=7114;RowsAffected=1;DatabaseName=CustomerDB;
2024-03-07 09:42:28.000,MSSQLSERVER,Audit Login,,emp003,DBSERVER02,,LoginName=emp003;StatementText=SELECT name, phone, rrn FROM customers WHERE cust_id=5252;RowsAffected=2;DatabaseName=CustomerDB;
2024-03-07 09:42:50.000,MSSQLSERVER,Audit Login,,emp003,DBSERVER02,,LoginName=emp003;StatementText=SELECT name, phone, rrn FROM customers WHERE cust_id=1958;RowsAffected=2;DatabaseName=CustomerDB;
2024-03-07 09:43:12.000,MSSQLSERVER,Audit Login,,emp003,DBSERVER02,,LoginName=emp003;StatementText=SELECT name, phone, rrn FROM customers WHERE cust_id=6237;RowsAffected=4;DatabaseName=CustomerDB;
2024-03-07 09:43:34.000,MSSQLSERVER,Audit Login,,emp003,DBSERVER02,,LoginName=emp003;StatementText=SELECT name, phone, rrn FROM customers WHERE cust_id=3219;RowsAffected=3;DatabaseName=CustomerDB;
2024-03-07 09:43:56.000,MSSQLSERVER,Audit Login,,emp003,DBSERVER02,,LoginName=emp003;StatementText=SELECT name, phone, rrn FROM customers WHERE cust_id=3675;RowsAffected=1;DatabaseName=CustomerDB;
2024-03-07 09:44:18.000,MSSQLSERVER,Audit Login,,emp003,DBSERVER02,,LoginName=emp003;StatementText=SELECT name, phone, rrn FROM customers WHERE cust_id=5467;RowsAffected=3;DatabaseName=CustomerDB;
2024-03-07 09:44:40.000,MSSQLSERVER,Audit Login,,emp003,DBSERVER02,,LoginName=emp003;StatementText=SELECT name, phone, rrn FROM customers WHERE cust_id=7873;RowsAffected=3;DatabaseName=CustomerDB;
2024-03-07 09:45:02.000,MSSQLSERVER,Audit Login,,emp003,DBSERVER02,,LoginName=emp003;StatementText=SELECT name, phone, rrn FROM customers WHERE cust_id=1798;RowsAffected=3;DatabaseName=CustomerDB;
2024-03-07 09:45:24.000,MSSQLSERVER,Audit Login,,emp003,DBSERVER02,,LoginName=emp003;StatementText=SELECT name, phone, rrn FROM customers WHERE cust_id=5778;RowsAffected=1;DatabaseName=CustomerDB;
2024-03-07 09:45:46.000,MSSQLSERVER,Audit Login,,emp003,DBSERVER02,,LoginName=emp003;StatementText=SELECT name, phone, rrn FROM customers WHERE cust_id=9419;RowsAffected=2;DatabaseName=CustomerDB;
2024-03-07 09:46:08.000,MSSQLSERVER,Audit Login,,emp003,DBSERVER02,,LoginName=emp003;StatementText=SELECT name, phone, rrn FROM customers WHERE cust_id=4002;RowsAffected=1;DatabaseName=CustomerDB;
2024-03-07 09:46:30.000,MSSQLSERVER,Audit Login,,emp003,DBSERVER02,,LoginName=emp003;StatementText=SELECT name, phone, rrn FROM customers WHERE cust_id=3738;RowsAffected=3;DatabaseName=CustomerDB;
2024-03-07 09:46:52.000,MSSQLSERVER,Audit Login,,emp003,DBSERVER02,,LoginName=emp003;StatementText=SELECT name, phone, rrn FROM customers WHERE cust_id=6180;RowsAffected=3;DatabaseName=CustomerDB;
2024-03-07 09:47:14.000,MSSQLSERVER,Audit Login,,emp003,DBSERVER02,,LoginName=emp003;StatementText=SELECT name, phone, rrn FROM customers WHERE cust_id=5447;RowsAffected=3;DatabaseName=CustomerDB;
2024-03-07 09:47:36.000,MSSQLSERVER,Audit Login,,emp003,DBSERVER02,,LoginName=emp003;StatementText=SELECT name, phone, rrn FROM customers WHERE cust_id=2570;RowsAffected=3;DatabaseName=CustomerDB;
2024-03-07 09:47:58.000,MSSQLSERVER,Audit Login,,emp003,DBSERVER02,,LoginName=emp003;StatementText=SELECT name, phone, rrn FROM customers WHERE cust_id=3354;RowsAffected=1;DatabaseName=CustomerDB;
2024-03-07 09:48:20.000,MSSQLSERVER,Audit Login,,emp003,DBSERVER02,,LoginName=emp003;StatementText=SELECT name, phone, rrn FROM customers WHERE cust_id=3243;RowsAffected=3;DatabaseName=CustomerDB;
2024-03-07 09:48:42.000,MSSQLSERVER,Audit Login,,emp003,DBSERVER02,,LoginName=emp003;StatementText=SELECT name, phone, rrn FROM customers WHERE cust_id=7111;RowsAffected=4;DatabaseName=CustomerDB;
2024-03-07 09:49:04.000,MSSQLSERVER,Audit Login,,emp003,DBSERVER02,,LoginName=emp003;StatementText=SELECT name, phone, rrn FROM customers WHERE cust_id=7750;RowsAffected=3;DatabaseName=CustomerDB;
2024-03-07 09:49:26.000,MSSQLSERVER,Audit Login,,emp003,DBSERVER02,,LoginName=emp003;StatementText=SELECT name, phone, rrn FROM customers WHERE cust_id=3671;RowsAffected=1;DatabaseName=CustomerDB;
2024-03-07 09:49:48.000,MSSQLSERVER,Audit Login,,emp003,DBSERVER02,,LoginName=emp003;StatementText=SELECT name, phone, rrn FROM customers WHERE cust_id=4569;RowsAffected=2;DatabaseName=CustomerDB;
2024-03-07 09:50:10.000,MSSQLSERVER,Audit Login,,emp003,DBSERVER02,,LoginName=emp003;StatementText=SELECT name, phone, rrn FROM customers WHERE cust_id=9247;RowsAffected=2;DatabaseName=CustomerDB;
2024-03-07 09:50:32.000,MSSQLSERVER,Audit Login,,emp003,DBSERVER02,,LoginName=emp003;StatementText=SELECT name, phone, rrn FROM customers WHERE cust_id=4087;RowsAffected=1;DatabaseName=CustomerDB;
2024-03-07 09:50:54.000,MSSQLSERVER,Audit Login,,emp003,DBSERVER02,,LoginName=emp003;StatementText=SELECT name, phone, rrn FROM customers WHERE cust_id=7837;RowsAffected=4;DatabaseName=CustomerDB;
2024-03-07 09:51:16.000,MSSQLSERVER,Audit Login,,emp003,DBSERVER02,,LoginName=emp003;StatementText=SELECT name, phone, rrn FROM customers WHERE cust_id=2251;RowsAffected=1;DatabaseName=CustomerDB;
2024-03-07 09:51:38.000,MSSQLSERVER,Audit Login,,emp003,DBSERVER02,,LoginName=emp003;StatementText=SELECT name, phone, rrn FROM customers WHERE cust_id=3150;RowsAffected=1;DatabaseName=CustomerDB;
2024-03-07 09:52:00.000,MSSQLSERVER,Audit Login,,emp003,DBSERVER02,,LoginName=emp003;StatementText=SELECT name, phone, rrn FROM customers WHERE cust_id=8856;RowsAffected=3;DatabaseName=CustomerDB;
2024-03-07 09:52:22.000,MSSQLSERVER,Audit Login,,emp003,DBSERVER02,,LoginName=emp003;StatementText=SELECT name, phone, rrn FROM customers WHERE cust_id=6104;RowsAffected=3;DatabaseName=CustomerDB;
2024-03-07 09:52:44.000,MSSQLSERVER,Audit Login,,emp003,DBSERVER02,,LoginName=emp003;StatementText=SELECT name, phone, rrn FROM customers WHERE cust_id=3277;RowsAffected=4;DatabaseName=CustomerDB;
2024-03-07 09:53:06.000,MSSQLSERVER,Audit Login,,emp003,DBSERVER02,,LoginName=emp003;StatementText=SELECT name, phone, rrn FROM customers WHERE cust_id=9570;RowsAffected=3;DatabaseName=CustomerDB;
2024-03-07 09:53:28.000,MSSQLSERVER,Audit Login,,emp003,DBSERVER02,,LoginName=emp003;StatementText=SELECT name, phone, rrn FROM customers WHERE cust_id=3821;RowsAffected=3;DatabaseName=CustomerDB;
2024-03-07 09:53:50.000,MSSQLSERVER,Audit Login,,emp003,DBSERVER02,,LoginName=emp003;StatementText=SELECT name, phone, rrn FROM customers WHERE cust_id=1471;RowsAffected=1;DatabaseName=CustomerDB;
2024-03-07 09:54:12.000,MSSQLSERVER,Audit Login,,emp003,DBSERVER02,,LoginName=emp003;StatementText=SELECT name, phone, rrn FROM customers WHERE cust_id=4643;RowsAffected=2;DatabaseName=CustomerDB;
2024-03-07 09:54:34.000,MSSQLSERVER,Audit Login,,emp003,DBSERVER02,,LoginName=emp003;StatementText=SELECT name, phone, rrn FROM customers WHERE cust_id=3332;RowsAffected=2;DatabaseName=CustomerDB;
2024-03-07 09:54:56.000,MSSQLSERVER,Audit Login,,emp003,DBSERVER02,,LoginName=emp003;StatementText=SELECT name, phone, rrn FROM customers WHERE cust_id=6036;RowsAffected=2;DatabaseName=CustomerDB;
2024-03-07 09:55:18.000,MSSQLSERVER,Audit Login,,emp003,DBSERVER02,,LoginName=emp003;StatementText=SELECT name, phone, rrn FROM customers WHERE cust_id=4438;RowsAffected=2;DatabaseName=CustomerDB;
2024-03-07 09:55:40.000,MSSQLSERVER,Audit Login,,emp003,DBSERVER02,,LoginName=emp003;StatementText=SELECT name, phone, rrn FROM customers WHERE cust_id=2287;RowsAffected=4;DatabaseName=CustomerDB;
2024-03-07 09:56:02.000,MSSQLSERVER,Audit Login,,emp003,DBSERVER02,,LoginName=emp003;StatementText=SELECT name, phone, rrn FROM customers WHERE cust_id=2830;RowsAffected=1;DatabaseName=CustomerDB;
2024-03-07 09:56:24.000,MSSQLSERVER,Audit Login,,emp003,DBSERVER02,,LoginName=emp003;StatementText=SELECT name, phone, rrn FROM customers WHERE cust_id=1308;RowsAffected=4;DatabaseName=CustomerDB;
2024-03-07 09:56:46.000,MSSQLSERVER,Audit Login,,emp003,DBSERVER02,,LoginName=emp003;StatementText=SELECT name, phone, rrn FROM customers WHERE cust_id=8065;RowsAffected=1;DatabaseName=CustomerDB;
2024-03-07 09:57:08.000,MSSQLSERVER,Audit Login,,emp003,DBSERVER02,,LoginName=emp003;StatementText=SELECT name, phone, rrn FROM customers WHERE cust_id=4217;RowsAffected=1;DatabaseName=CustomerDB;
2024-03-07 09:57:30.000,MSSQLSERVER,Audit Login,,emp003,DBSERVER02,,LoginName=emp003;StatementText=SELECT name, phone, rrn FROM customers WHERE cust_id=1537;RowsAffected=1;DatabaseName=CustomerDB;
2024-03-07 09:57:52.000,MSSQLSERVER,Audit Login,,emp003,DBSERVER02,,LoginName=emp003;StatementText=SELECT name, phone, rrn FROM customers WHERE cust_id=8685;RowsAffected=1;DatabaseName=CustomerDB;
2024-03-07 09:58:14.000,MSSQLSERVER,Audit Login,,emp003,DBSERVER02,,LoginName=emp003;StatementText=SELECT name, phone, rrn FROM customers WHERE cust_id=5145;RowsAffected=1;DatabaseName=CustomerDB;
2024-03-07 09:58:36.000,MSSQLSERVER,Audit Login,,emp003,DBSERVER02,,LoginName=emp003;StatementText=SELECT name, phone, rrn FROM customers WHERE cust_id=2085;RowsAffected=3;DatabaseName=CustomerDB;
2024-03-07 09:58:58.000,MSSQLSERVER,Audit Login,,emp003,DBSERVER02,,LoginName=emp003;StatementText=SELECT name, phone, rrn FROM customers WHERE cust_id=1168;RowsAffected=1;DatabaseName=CustomerDB;
2024-03-07 09:59:20.000,MSSQLSERVER,Audit Login,,emp003,DBSERVER02,,LoginName=emp003;StatementText=SELECT name, phone, rrn FROM customers WHERE cust_id=3028;RowsAffected=2;DatabaseName=CustomerDB;
2024-03-07 09:59:42.000,MSSQLSERVER,Audit Login,,emp003,DBSERVER02,,LoginName=emp003;StatementText=SELECT name, phone, rrn FROM customers WHERE cust_id=4277;RowsAffected=2;DatabaseName=CustomerDB;
2024-03-07 10:00:04.000,MSSQLSERVER,Audit Login,,emp003,DBSERVER02,,LoginName=emp003;StatementText=SELECT name, phone, rrn FROM customers WHERE cust_id=6759;RowsAffected=1;DatabaseName=CustomerDB;
2024-03-07 10:00:26.000,MSSQLSERVER,Audit Login,,emp003,DBSERVER02,,LoginName=emp003;StatementText=SELECT name, phone, rrn FROM customers WHERE cust_id=2487;RowsAffected=2;DatabaseName=CustomerDB;
2024-03-07 10:00:48.000,MSSQLSERVER,Audit Login,,emp003,DBSERVER02,,LoginName=emp003;StatementText=SELECT name, phone, rrn FROM customers WHERE cust_id=5544;RowsAffected=3;DatabaseName=CustomerDB;
2024-03-07 10:01:10.000,MSSQLSERVER,Audit Login,,emp003,DBSERVER02,,LoginName=emp003;StatementText=SELECT name, phone, rrn FROM customers WHERE cust_id=6770;RowsAffected=2;DatabaseName=CustomerDB;
2024-03-07 10:01:32.000,MSSQLSERVER,Audit Login,,emp003,DBSERVER02,,LoginName=emp003;StatementText=SELECT name, phone, rrn FROM customers WHERE cust_id=9202;RowsAffected=2;DatabaseName=CustomerDB;
2024-03-07 10:01:54.000,MSSQLSERVER,Audit Login,,emp003,DBSERVER02,,LoginName=emp003;StatementText=SELECT name, phone, rrn FROM customers WHERE cust_id=9272;RowsAffected=1;DatabaseName=CustomerDB;
2024-03-07 10:02:16.000,MSSQLSERVER,Audit Login,,emp003,DBSERVER02,,LoginName=emp003;StatementText=SELECT name, phone, rrn FROM customers WHERE cust_id=2623;RowsAffected=1;DatabaseName=CustomerDB;
2024-03-07 10:02:38.000,MSSQLSERVER,Audit Login,,emp003,DBSERVER02,,LoginName=emp003;StatementText=SELECT name, phone, rrn FROM customers WHERE cust_id=9664;RowsAffected=2;DatabaseName=CustomerDB;
2024-03-07 10:03:00.000,MSSQLSERVER,Audit Login,,emp003,DBSERVER02,,LoginName=emp003;StatementText=SELECT name, phone, rrn FROM customers WHERE cust_id=4138;RowsAffected=3;DatabaseName=CustomerDB;
2024-03-07 10:03:22.000,MSSQLSERVER,Audit Login,,emp003,DBSERVER02,,LoginName=emp003;StatementText=SELECT name, phone, rrn FROM customers WHERE cust_id=3814;RowsAffected=1;DatabaseName=CustomerDB;
2024-03-07 10:03:44.000,MSSQLSERVER,Audit Login,,emp003,DBSERVER02,,LoginName=emp003;StatementText=SELECT name, phone, rrn FROM customers WHERE cust_id=2616;RowsAffected=2;DatabaseName=CustomerDB;
2024-03-07 10:04:06.000,MSSQLSERVER,Audit Login,,emp003,DBSERVER02,,LoginName=emp003;StatementText=SELECT name, phone, rrn FROM customers WHERE cust_id=9260;RowsAffected=4;DatabaseName=CustomerDB;
2024-03-07 10:04:28.000,MSSQLSERVER,Audit Login,,emp003,DBSERVER02,,LoginName=emp003;StatementText=SELECT name, phone, rrn FROM customers WHERE cust_id=7004;RowsAffected=2;DatabaseName=CustomerDB;
2024-03-07 10:04:50.000,MSSQLSERVER,Audit Login,,emp003,DBSERVER02,,LoginName=emp003;StatementText=SELECT name, phone, rrn FROM customers WHERE cust_id=8203;RowsAffected=1;DatabaseName=CustomerDB;
2024-03-07 10:05:12.000,MSSQLSERVER,Audit Login,,emp003,DBSERVER02,,LoginName=emp003;StatementText=SELECT name, phone, rrn FROM customers WHERE cust_id=3963;RowsAffected=3;DatabaseName=CustomerDB;
2024-03-07 10:05:34.000,MSSQLSERVER,Audit Login,,emp003,DBSERVER02,,LoginName=emp003;StatementText=SELECT name, phone, rrn FROM customers WHERE cust_id=7219;RowsAffected=4;DatabaseName=CustomerDB;
2024-03-07 10:05:56.000,MSSQLSERVER,Audit Login,,emp003,DBSERVER02,,LoginName=emp003;StatementText=SELECT name, phone, rrn FROM customers WHERE cust_id=4510;RowsAffected=2;DatabaseName=CustomerDB;
2024-03-07 10:06:18.000,MSSQLSERVER,Audit Login,,emp003,DBSERVER02,,LoginName=emp003;StatementText=SELECT name, phone, rrn FROM customers WHERE cust_id=7677;RowsAffected=1;DatabaseName=CustomerDB;
2024-03-07 10:06:40.000,MSSQLSERVER,Audit Login,,emp003,DBSERVER02,,LoginName=emp003;StatementText=SELECT name, phone, rrn FROM customers WHERE cust_id=6149;RowsAffected=1;DatabaseName=CustomerDB;
2024-03-07 10:07:02.000,MSSQLSERVER,Audit Login,,emp003,DBSERVER02,,LoginName=emp003;StatementText=SELECT name, phone, rrn FROM customers WHERE cust_id=8633;RowsAffected=1;DatabaseName=CustomerDB;
2024-03-07 10:07:24.000,MSSQLSERVER,Audit Login,,emp003,DBSERVER02,,LoginName=emp003;StatementText=SELECT name, phone, rrn FROM customers WHERE cust_id=9515;RowsAffected=2;DatabaseName=CustomerDB;
2024-03-07 10:07:46.000,MSSQLSERVER,Audit Login,,emp003,DBSERVER02,,LoginName=emp003;StatementText=SELECT name, phone, rrn FROM customers WHERE cust_id=9123;RowsAffected=3;DatabaseName=CustomerDB;
2024-03-07 10:08:08.000,MSSQLSERVER,Audit Login,,emp003,DBSERVER02,,LoginName=emp003;StatementText=SELECT name, phone, rrn FROM customers WHERE cust_id=5723;RowsAffected=1;DatabaseName=CustomerDB;
2024-03-07 10:08:30.000,MSSQLSERVER,Audit Login,,emp003,DBSERVER02,,LoginName=emp003;StatementText=SELECT name, phone, rrn FROM customers WHERE cust_id=2347;RowsAffected=3;DatabaseName=CustomerDB;
2024-03-07 10:08:52.000,MSSQLSERVER,Audit Login,,emp003,DBSERVER02,,LoginName=emp003;StatementText=SELECT name, phone, rrn FROM customers WHERE cust_id=9088;RowsAffected=1;DatabaseName=CustomerDB;
2024-03-07 10:09:14.000,MSSQLSERVER,Audit Login,,emp003,DBSERVER02,,LoginName=emp003;StatementText=SELECT name, phone, rrn FROM customers WHERE cust_id=7304;RowsAffected=3;DatabaseName=CustomerDB;
2024-03-07 10:09:36.000,MSSQLSERVER,Audit Login,,emp003,DBSERVER02,,LoginName=emp003;StatementText=SELECT name, phone, rrn FROM customers WHERE cust_id=8486;RowsAffected=3;DatabaseName=CustomerDB;
2024-03-07 10:09:58.000,MSSQLSERVER,Audit Login,,emp003,DBSERVER02,,LoginName=emp003;StatementText=SELECT name, phone, rrn FROM customers WHERE cust_id=8273;RowsAffected=2;DatabaseName=CustomerDB;
2024-03-07 10:10:20.000,MSSQLSERVER,Audit Login,,emp003,DBSERVER02,,LoginName=emp003;StatementText=SELECT name, phone, rrn FROM customers WHERE cust_id=7672;RowsAffected=3;DatabaseName=CustomerDB;
2024-03-07 10:10:42.000,MSSQLSERVER,Audit Login,,emp003,DBSERVER02,,LoginName=emp003;StatementText=SELECT name, phone, rrn FROM customers WHERE cust_id=8011;RowsAffected=2;DatabaseName=CustomerDB;
2024-03-07 10:11:04.000,MSSQLSERVER,Audit Login,,emp003,DBSERVER02,,LoginName=emp003;StatementText=SELECT name, phone, rrn FROM customers WHERE cust_id=2140;RowsAffected=4;DatabaseName=CustomerDB;
2024-03-07 10:11:26.000,MSSQLSERVER,Audit Login,,emp003,DBSERVER02,,LoginName=emp003;StatementText=SELECT name, phone, rrn FROM customers WHERE cust_id=7020;RowsAffected=2;DatabaseName=CustomerDB;
2024-03-07 10:11:48.000,MSSQLSERVER,Audit Login,,emp003,DBSERVER02,,LoginName=emp003;StatementText=SELECT name, phone, rrn FROM customers WHERE cust_id=1209;RowsAffected=4;DatabaseName=CustomerDB;
2024-03-07 10:12:10.000,MSSQLSERVER,Audit Login,,emp003,DBSERVER02,,LoginName=emp003;StatementText=SELECT name, phone, rrn FROM customers WHERE cust_id=2723;RowsAffected=4;DatabaseName=CustomerDB;
2024-03-07 10:12:32.000,MSSQLSERVER,Audit Login,,emp003,DBSERVER02,,LoginName=emp003;StatementText=SELECT name, phone, rrn FROM customers WHERE cust_id=8177;RowsAffected=1;DatabaseName=CustomerDB;
2024-03-07 10:12:54.000,MSSQLSERVER,Audit Login,,emp003,DBSERVER02,,LoginName=emp003;StatementText=SELECT name, phone, rrn FROM customers WHERE cust_id=2953;RowsAffected=2;DatabaseName=CustomerDB;
2024-03-07 10:13:16.000,MSSQLSERVER,Audit Login,,emp003,DBSERVER02,,LoginName=emp003;StatementText=SELECT name, phone, rrn FROM customers WHERE cust_id=7468;RowsAffected=4;DatabaseName=CustomerDB;
2024-03-07 10:13:38.000,MSSQLSERVER,Audit Login,,emp003,DBSERVER02,,LoginName=emp003;StatementText=SELECT name, phone, rrn FROM customers WHERE cust_id=2666;RowsAffected=2;DatabaseName=CustomerDB;
2024-03-07 10:14:00.000,MSSQLSERVER,Audit Login,,emp003,DBSERVER02,,LoginName=emp003;StatementText=SELECT name, phone, rrn FROM customers WHERE cust_id=2060;RowsAffected=3;DatabaseName=CustomerDB;
2024-03-07 10:14:22.000,MSSQLSERVER,Audit Login,,emp003,DBSERVER02,,LoginName=emp003;StatementText=SELECT name, phone, rrn FROM customers WHERE cust_id=4261;RowsAffected=3;DatabaseName=CustomerDB;
2024-03-07 10:14:44.000,MSSQLSERVER,Audit Login,,emp003,DBSERVER02,,LoginName=emp003;StatementText=SELECT name, phone, rrn FROM customers WHERE cust_id=4281;RowsAffected=4;DatabaseName=CustomerDB;
2024-03-07 10:15:06.000,MSSQLSERVER,Audit Login,,emp003,DBSERVER02,,LoginName=emp003;StatementText=SELECT name, phone, rrn FROM customers WHERE cust_id=3011;RowsAffected=2;DatabaseName=CustomerDB;
2024-03-07 10:15:28.000,MSSQLSERVER,Audit Login,,emp003,DBSERVER02,,LoginName=emp003;StatementText=SELECT name, phone, rrn FROM customers WHERE cust_id=7958;RowsAffected=4;DatabaseName=CustomerDB;
2024-03-07 10:15:50.000,MSSQLSERVER,Audit Login,,emp003,DBSERVER02,,LoginName=emp003;StatementText=SELECT name, phone, rrn FROM customers WHERE cust_id=5563;RowsAffected=3;DatabaseName=CustomerDB;
2024-03-07 10:16:12.000,MSSQLSERVER,Audit Login,,emp003,DBSERVER02,,LoginName=emp003;StatementText=SELECT name, phone, rrn FROM customers WHERE cust_id=7557;RowsAffected=3;DatabaseName=CustomerDB;
2024-03-07 10:16:34.000,MSSQLSERVER,Audit Login,,emp003,DBSERVER02,,LoginName=emp003;StatementText=SELECT name, phone, rrn FROM customers WHERE cust_id=8795;RowsAffected=4;DatabaseName=CustomerDB;
2024-03-07 10:16:56.000,MSSQLSERVER,Audit Login,,emp003,DBSERVER02,,LoginName=emp003;StatementText=SELECT name, phone, rrn FROM customers WHERE cust_id=8938;RowsAffected=3;DatabaseName=CustomerDB;
2024-03-07 10:17:18.000,MSSQLSERVER,Audit Login,,emp003,DBSERVER02,,LoginName=emp003;StatementText=SELECT name, phone, rrn FROM customers WHERE cust_id=3414;RowsAffected=4;DatabaseName=CustomerDB;
2024-03-07 10:17:40.000,MSSQLSERVER,Audit Login,,emp003,DBSERVER02,,LoginName=emp003;StatementText=SELECT name, phone, rrn FROM customers WHERE cust_id=2770;RowsAffected=1;DatabaseName=CustomerDB;
2024-03-07 10:18:02.000,MSSQLSERVER,Audit Login,,emp003,DBSERVER02,,LoginName=emp003;StatementText=SELECT name, phone, rrn FROM customers WHERE cust_id=5107;RowsAffected=4;DatabaseName=CustomerDB;
2024-03-07 10:18:24.000,MSSQLSERVER,Audit Login,,emp003,DBSERVER02,,LoginName=emp003;StatementText=SELECT name, phone, rrn FROM customers WHERE cust_id=9147;RowsAffected=2;DatabaseName=CustomerDB;
2024-03-07 10:18:46.000,MSSQLSERVER,Audit Login,,emp003,DBSERVER02,,LoginName=emp003;StatementText=SELECT name, phone, rrn FROM customers WHERE cust_id=3205;RowsAffected=1;DatabaseName=CustomerDB;
2024-03-07 10:19:08.000,MSSQLSERVER,Audit Login,,emp003,DBSERVER02,,LoginName=emp003;StatementText=SELECT name, phone, rrn FROM customers WHERE cust_id=2631;RowsAffected=1;DatabaseName=CustomerDB;
2024-03-07 10:19:30.000,MSSQLSERVER,Audit Login,,emp003,DBSERVER02,,LoginName=emp003;StatementText=SELECT name, phone, rrn FROM customers WHERE cust_id=2117;RowsAffected=4;DatabaseName=CustomerDB;
2024-03-07 10:19:52.000,MSSQLSERVER,Audit Login,,emp003,DBSERVER02,,LoginName=emp003;StatementText=SELECT name, phone, rrn FROM customers WHERE cust_id=1438;RowsAffected=2;DatabaseName=CustomerDB;
2024-03-07 10:20:14.000,MSSQLSERVER,Audit Login,,emp003,DBSERVER02,,LoginName=emp003;StatementText=SELECT name, phone, rrn FROM customers WHERE cust_id=7269;RowsAffected=3;DatabaseName=CustomerDB;
2024-03-07 10:20:36.000,MSSQLSERVER,Audit Login,,emp003,DBSERVER02,,LoginName=emp003;StatementText=SELECT name, phone, rrn FROM customers WHERE cust_id=3502;RowsAffected=3;DatabaseName=CustomerDB;
2024-03-07 10:20:58.000,MSSQLSERVER,Audit Login,,emp003,DBSERVER02,,LoginName=emp003;StatementText=SELECT name, phone, rrn FROM customers WHERE cust_id=2578;RowsAffected=1;DatabaseName=CustomerDB;
2024-03-07 10:21:20.000,MSSQLSERVER,Audit Login,,emp003,DBSERVER02,,LoginName=emp003;StatementText=SELECT name, phone, rrn FROM customers WHERE cust_id=9518;RowsAffected=4;DatabaseName=CustomerDB;
2024-03-07 10:21:42.000,MSSQLSERVER,Audit Login,,emp003,DBSERVER02,,LoginName=emp003;StatementText=SELECT name, phone, rrn FROM customers WHERE cust_id=8635;RowsAffected=2;DatabaseName=CustomerDB;
2024-03-07 10:22:04.000,MSSQLSERVER,Audit Login,,emp003,DBSERVER02,,LoginName=emp003;StatementText=SELECT name, phone, rrn FROM customers WHERE cust_id=5809;RowsAffected=4;DatabaseName=CustomerDB;
2024-03-07 10:22:26.000,MSSQLSERVER,Audit Login,,emp003,DBSERVER02,,LoginName=emp003;StatementText=SELECT name, phone, rrn FROM customers WHERE cust_id=9032;RowsAffected=3;DatabaseName=CustomerDB;
2024-03-07 10:22:48.000,MSSQLSERVER,Audit Login,,emp003,DBSERVER02,,LoginName=emp003;StatementText=SELECT name, phone, rrn FROM customers WHERE cust_id=9887;RowsAffected=3;DatabaseName=CustomerDB;
2024-03-07 10:23:10.000,MSSQLSERVER,Audit Login,,emp003,DBSERVER02,,LoginName=emp003;StatementText=SELECT name, phone, rrn FROM customers WHERE cust_id=9856;RowsAffected=1;DatabaseName=CustomerDB;
2024-03-07 10:23:32.000,MSSQLSERVER,Audit Login,,emp003,DBSERVER02,,LoginName=emp003;StatementText=SELECT name, phone, rrn FROM customers WHERE cust_id=1517;RowsAffected=4;DatabaseName=CustomerDB;
2024-03-07 10:23:54.000,MSSQLSERVER,Audit Login,,emp003,DBSERVER02,,LoginName=emp003;StatementText=SELECT name, phone, rrn FROM customers WHERE cust_id=2951;RowsAffected=4;DatabaseName=CustomerDB;
2024-03-07 10:24:16.000,MSSQLSERVER,Audit Login,,emp003,DBSERVER02,,LoginName=emp003;StatementText=SELECT name, phone, rrn FROM customers WHERE cust_id=8374;RowsAffected=3;DatabaseName=CustomerDB;
2024-03-07 10:24:38.000,MSSQLSERVER,Audit Login,,emp003,DBSERVER02,,LoginName=emp003;StatementText=SELECT name, phone, rrn FROM customers WHERE cust_id=7165;RowsAffected=4;DatabaseName=CustomerDB;
2024-03-07 10:25:00.000,MSSQLSERVER,Audit Login,,emp003,DBSERVER02,,LoginName=emp003;StatementText=SELECT name, phone, rrn FROM customers WHERE cust_id=8531;RowsAffected=1;DatabaseName=CustomerDB;
2024-03-07 10:25:22.000,MSSQLSERVER,Audit Login,,emp003,DBSERVER02,,LoginName=emp003;StatementText=SELECT name, phone, rrn FROM customers WHERE cust_id=1538;RowsAffected=2;DatabaseName=CustomerDB;
2024-03-07 10:25:44.000,MSSQLSERVER,Audit Login,,emp003,DBSERVER02,,LoginName=emp003;StatementText=SELECT name, phone, rrn FROM customers WHERE cust_id=5965;RowsAffected=2;DatabaseName=CustomerDB;
2024-03-07 10:26:06.000,MSSQLSERVER,Audit Login,,emp003,DBSERVER02,,LoginName=emp003;StatementText=SELECT name, phone, rrn FROM customers WHERE cust_id=9052;RowsAffected=4;DatabaseName=CustomerDB;
2024-03-07 10:26:28.000,MSSQLSERVER,Audit Login,,emp003,DBSERVER02,,LoginName=emp003;StatementText=SELECT name, phone, rrn FROM customers WHERE cust_id=3203;RowsAffected=3;DatabaseName=CustomerDB;
2024-03-07 10:26:50.000,MSSQLSERVER,Audit Login,,emp003,DBSERVER02,,LoginName=emp003;StatementText=SELECT name, phone, rrn FROM customers WHERE cust_id=7374;RowsAffected=4;DatabaseName=CustomerDB;
2024-03-07 10:27:12.000,MSSQLSERVER,Audit Login,,emp003,DBSERVER02,,LoginName=emp003;StatementText=SELECT name, phone, rrn FROM customers WHERE cust_id=2792;RowsAffected=4;DatabaseName=CustomerDB;
2024-03-07 10:27:34.000,MSSQLSERVER,Audit Login,,emp003,DBSERVER02,,LoginName=emp003;StatementText=SELECT name, phone, rrn FROM customers WHERE cust_id=9837;RowsAffected=4;DatabaseName=CustomerDB;
2024-03-07 10:27:56.000,MSSQLSERVER,Audit Login,,emp003,DBSERVER02,,LoginName=emp003;StatementText=SELECT name, phone, rrn FROM customers WHERE cust_id=8797;RowsAffected=2;DatabaseName=CustomerDB;
2024-03-07 10:28:18.000,MSSQLSERVER,Audit Login,,emp003,DBSERVER02,,LoginName=emp003;StatementText=SELECT name, phone, rrn FROM customers WHERE cust_id=9301;RowsAffected=1;DatabaseName=CustomerDB;
2024-03-07 11:06:11.000,MSSQLSERVER,Audit Login,,admin01,DBSERVER02,,LoginName=admin01;StatementText=SELECT * FROM members WHERE status='active';RowsAffected=3049;DatabaseName=CustomerDB;
2024-03-07 12:43:56.000,MSSQLSERVER,Audit Login,,user203,DBSERVER02,,LoginName=user203;StatementText=UPDATE orders SET status='shipped' WHERE order_id=12345;RowsAffected=4;DatabaseName=CustomerDB;
2024-03-07 13:17:34.000,MSSQLSERVER,Audit Login,,user104,DBSERVER02,,LoginName=user104;StatementText=UPDATE orders SET status='shipped' WHERE order_id=12345;RowsAffected=7;DatabaseName=CustomerDB;
2024-03-07 14:53:21.000,MSSQLSERVER,Audit Login,,user103,DBSERVER02,,LoginName=user103;StatementText=SELECT id, created_at FROM sessions WHERE expires_at < NOW();RowsAffected=7;DatabaseName=CustomerDB;
2024-03-07 16:11:24.000,MSSQLSERVER,Audit Login,,user103,DBSERVER02,,LoginName=user103;StatementText=UPDATE orders SET status='shipped' WHERE order_id=12345;RowsAffected=2;DatabaseName=CustomerDB;
2024-03-07 17:22:35.000,MSSQLSERVER,Audit Login,,user102,DBSERVER02,,LoginName=user102;StatementText=UPDATE orders SET status='shipped' WHERE order_id=12345;RowsAffected=4;DatabaseName=CustomerDB;
2024-03-07 22:15:51.000,MSSQLSERVER,Audit Login,,emp007,DBSERVER02,,LoginName=emp007;StatementText=SELECT cust_name, rrn, email, address FROM members WHERE id=6087;RowsAffected=8;DatabaseName=CustomerDB;
2024-03-08 11:00:11.000,MSSQLSERVER,Audit Login,,user101,DBSERVER02,,LoginName=user101;StatementText=SELECT id, created_at FROM sessions WHERE expires_at < NOW();RowsAffected=0;DatabaseName=CustomerDB;
2024-03-08 12:09:55.000,MSSQLSERVER,Audit Login,,user203,DBSERVER02,,LoginName=user203;StatementText=INSERT INTO audit_log(user_id, action) VALUES('user101', 'login');RowsAffected=4;DatabaseName=CustomerDB;
2024-03-08 16:23:18.000,MSSQLSERVER,Audit Login,,user105,DBSERVER02,,LoginName=user105;StatementText=SELECT order_id, product_id, qty FROM orders WHERE order_date > '2024-03-01';RowsAffected=2;DatabaseName=CustomerDB;
2024-03-09 01:25:15.000,MSSQLSERVER,Audit Login,,emp007,DBSERVER02,,LoginName=emp007;StatementText=SELECT cust_name, rrn, email, address FROM members WHERE id=2860;RowsAffected=3;DatabaseName=CustomerDB;
2024-03-09 11:10:17.000,MSSQLSERVER,Audit Login,,user102,DBSERVER02,,LoginName=user102;StatementText=SELECT order_id, product_id, qty FROM orders WHERE order_date > '2024-03-01';RowsAffected=0;DatabaseName=CustomerDB;
2024-03-09 11:39:17.000,MSSQLSERVER,Audit Login,,user105,DBSERVER02,,LoginName=user105;StatementText=UPDATE orders SET status='shipped' WHERE order_id=12345;RowsAffected=4;DatabaseName=CustomerDB;
2024-03-09 11:49:04.000,MSSQLSERVER,Audit Login,,user201,DBSERVER02,,LoginName=user201;StatementText=UPDATE orders SET status='shipped' WHERE order_id=12345;RowsAffected=0;DatabaseName=CustomerDB;
2024-03-09 13:51:06.000,MSSQLSERVER,Audit Login,,user201,DBSERVER02,,LoginName=user201;StatementText=UPDATE orders SET status='shipped' WHERE order_id=12345;RowsAffected=10;DatabaseName=CustomerDB;
2024-03-09 15:05:31.000,MSSQLSERVER,Audit Login,,user101,DBSERVER02,,LoginName=user101;StatementText=SELECT COUNT(*) FROM orders GROUP BY status;RowsAffected=5;DatabaseName=CustomerDB;
2024-03-09 22:44:30.000,MSSQLSERVER,Audit Login,,emp007,DBSERVER02,,LoginName=emp007;StatementText=SELECT cust_name, rrn, email, address FROM members WHERE id=1364;RowsAffected=6;DatabaseName=CustomerDB;
2024-03-09 23:36:51.000,MSSQLSERVER,Audit Login,,emp007,DBSERVER02,,LoginName=emp007;StatementText=SELECT cust_name, rrn, email, address FROM members WHERE id=9700;RowsAffected=8;DatabaseName=CustomerDB;
2024-03-10 02:03:19.000,MSSQLSERVER,Audit Login,,emp007,DBSERVER02,,LoginName=emp007;StatementText=SELECT cust_name, rrn, email, address FROM members WHERE id=7586;RowsAffected=4;DatabaseName=CustomerDB;
2024-03-10 09:25:39.000,MSSQLSERVER,Audit Login,,user102,DBSERVER02,,LoginName=user102;StatementText=SELECT COUNT(*) FROM orders GROUP BY status;RowsAffected=7;DatabaseName=CustomerDB;
2024-03-10 11:08:00.000,MSSQLSERVER,Audit Login,,user103,DBSERVER02,,LoginName=user103;StatementText=SELECT order_id, product_id, qty FROM orders WHERE order_date > '2024-03-01';RowsAffected=10;DatabaseName=CustomerDB;
2024-03-10 15:04:38.000,MSSQLSERVER,Audit Login,,user103,DBSERVER02,,LoginName=user103;StatementText=SELECT order_id, product_id, qty FROM orders WHERE order_date > '2024-03-01';RowsAffected=10;DatabaseName=CustomerDB;
2024-03-10 15:43:34.000,MSSQLSERVER,Audit Login,,user101,DBSERVER02,,LoginName=user101;StatementText=SELECT COUNT(*) FROM orders GROUP BY status;RowsAffected=7;DatabaseName=CustomerDB;
2024-03-10 15:48:17.000,MSSQLSERVER,Audit Login,,user101,DBSERVER02,,LoginName=user101;StatementText=SELECT id, created_at FROM sessions WHERE expires_at < NOW();RowsAffected=9;DatabaseName=CustomerDB;
2024-03-10 16:05:08.000,MSSQLSERVER,Audit Login,,user101,DBSERVER02,,LoginName=user101;StatementText=INSERT INTO audit_log(user_id, action) VALUES('user101', 'login');RowsAffected=1;DatabaseName=CustomerDB;
2024-03-10 16:10:39.000,MSSQLSERVER,Audit Login,,user201,DBSERVER02,,LoginName=user201;StatementText=SELECT COUNT(*) FROM orders GROUP BY status;RowsAffected=8;DatabaseName=CustomerDB;
2024-03-10 16:42:59.000,MSSQLSERVER,Audit Login,,user105,DBSERVER02,,LoginName=user105;StatementText=SELECT order_id, product_id, qty FROM orders WHERE order_date > '2024-03-01';RowsAffected=10;DatabaseName=CustomerDB;
2024-03-10 17:35:20.000,MSSQLSERVER,Audit Login,,user105,DBSERVER02,,LoginName=user105;StatementText=SELECT order_id, product_id, qty FROM orders WHERE order_date > '2024-03-01';RowsAffected=1;DatabaseName=CustomerDB;
2024-03-11 09:21:50.000,MSSQLSERVER,Audit Login,,user101,DBSERVER02,,LoginName=user101;StatementText=SELECT id, created_at FROM sessions WHERE expires_at < NOW();RowsAffected=0;DatabaseName=CustomerDB;
2024-03-11 10:43:36.000,MSSQLSERVER,Audit Login,,user202,DBSERVER02,,LoginName=user202;StatementText=INSERT INTO audit_log(user_id, action) VALUES('user101', 'login');RowsAffected=2;DatabaseName=CustomerDB;
2024-03-11 10:46:30.000,MSSQLSERVER,Audit Login,,user203,DBSERVER02,,LoginName=user203;StatementText=SELECT order_id, product_id, qty FROM orders WHERE order_date > '2024-03-01';RowsAffected=2;DatabaseName=CustomerDB;
2024-03-11 15:46:36.000,MSSQLSERVER,Audit Login,,user201,DBSERVER02,,LoginName=user201;StatementText=INSERT INTO audit_log(user_id, action) VALUES('user101', 'login');RowsAffected=0;DatabaseName=CustomerDB;
2024-03-11 15:51:47.000,MSSQLSERVER,Audit Login,,admin01,DBSERVER02,,LoginName=admin01;StatementText=SELECT * FROM members WHERE status='active';RowsAffected=4264;DatabaseName=CustomerDB;
2024-03-11 16:41:42.000,MSSQLSERVER,Audit Login,,user202,DBSERVER02,,LoginName=user202;StatementText=SELECT order_id, product_id, qty FROM orders WHERE order_date > '2024-03-01';RowsAffected=1;DatabaseName=CustomerDB;
2024-03-11 16:56:02.000,MSSQLSERVER,Audit Login,,user102,DBSERVER02,,LoginName=user102;StatementText=SELECT order_id, product_id, qty FROM orders WHERE order_date > '2024-03-01';RowsAffected=8;DatabaseName=CustomerDB;
2024-03-12 05:09:15.000,MSSQLSERVER,Audit Login,,emp007,DBSERVER02,,LoginName=emp007;StatementText=SELECT cust_name, rrn, email, address FROM members WHERE id=3465;RowsAffected=5;DatabaseName=CustomerDB;
2024-03-12 09:49:12.000,MSSQLSERVER,Audit Login,,user102,DBSERVER02,,LoginName=user102;StatementText=SELECT order_id, product_id, qty FROM orders WHERE order_date > '2024-03-01';RowsAffected=7;DatabaseName=CustomerDB;
2024-03-12 11:16:50.000,MSSQLSERVER,Audit Login,,user203,DBSERVER02,,LoginName=user203;StatementText=SELECT id, created_at FROM sessions WHERE expires_at < NOW();RowsAffected=3;DatabaseName=CustomerDB;
2024-03-12 14:11:41.000,MSSQLSERVER,Audit Login,,user101,DBSERVER02,,LoginName=user101;StatementText=INSERT INTO audit_log(user_id, action) VALUES('user101', 'login');RowsAffected=1;DatabaseName=CustomerDB;
2024-03-12 15:00:35.000,MSSQLSERVER,Audit Login,,user105,DBSERVER02,,LoginName=user105;StatementText=SELECT COUNT(*) FROM orders GROUP BY status;RowsAffected=3;DatabaseName=CustomerDB;
2024-03-12 16:45:23.000,MSSQLSERVER,Audit Login,,admin01,DBSERVER02,,LoginName=admin01;StatementText=SELECT cust_name, rrn, phone, card_no FROM customers WHERE dept='영업부';RowsAffected=972;DatabaseName=CustomerDB;
2024-03-12 17:03:00.000,MSSQLSERVER,Audit Login,,user101,DBSERVER02,,LoginName=user101;StatementText=SELECT id, created_at FROM sessions WHERE expires_at < NOW();RowsAffected=8;DatabaseName=CustomerDB;
2024-03-12 22:42:15.000,MSSQLSERVER,Audit Login,,emp007,DBSERVER02,,LoginName=emp007;StatementText=SELECT cust_name, rrn, email, address FROM members WHERE id=5056;RowsAffected=4;DatabaseName=CustomerDB;
2024-03-13 02:31:37.000,MSSQLSERVER,Audit Login,,emp007,DBSERVER02,,LoginName=emp007;StatementText=SELECT cust_name, rrn, email, address FROM members WHERE id=7189;RowsAffected=6;DatabaseName=CustomerDB;
2024-03-13 04:20:36.000,MSSQLSERVER,Audit Login,,emp007,DBSERVER02,,LoginName=emp007;StatementText=SELECT cust_name, rrn, email, address FROM members WHERE id=2601;RowsAffected=8;DatabaseName=CustomerDB;
2024-03-13 09:40:41.000,MSSQLSERVER,Audit Login,,user105,DBSERVER02,,LoginName=user105;StatementText=SELECT order_id, product_id, qty FROM orders WHERE order_date > '2024-03-01';RowsAffected=5;DatabaseName=CustomerDB;
2024-03-13 10:34:14.000,MSSQLSERVER,Audit Login,,user202,DBSERVER02,,LoginName=user202;StatementText=SELECT order_id, product_id, qty FROM orders WHERE order_date > '2024-03-01';RowsAffected=6;DatabaseName=CustomerDB;
2024-03-13 11:44:58.000,MSSQLSERVER,Audit Login,,user201,DBSERVER02,,LoginName=user201;StatementText=SELECT id, created_at FROM sessions WHERE expires_at < NOW();RowsAffected=5;DatabaseName=CustomerDB;
2024-03-13 11:45:38.000,MSSQLSERVER,Audit Login,,user202,DBSERVER02,,LoginName=user202;StatementText=INSERT INTO audit_log(user_id, action) VALUES('user101', 'login');RowsAffected=10;DatabaseName=CustomerDB;
2024-03-13 11:57:07.000,MSSQLSERVER,Audit Login,,user103,DBSERVER02,,LoginName=user103;StatementText=SELECT id, created_at FROM sessions WHERE expires_at < NOW();RowsAffected=2;DatabaseName=CustomerDB;
2024-03-13 14:03:16.000,MSSQLSERVER,Audit Login,,user202,DBSERVER02,,LoginName=user202;StatementText=UPDATE orders SET status='shipped' WHERE order_id=12345;RowsAffected=2;DatabaseName=CustomerDB;
2024-03-13 14:14:11.000,MSSQLSERVER,Audit Login,,user203,DBSERVER02,,LoginName=user203;StatementText=SELECT product_name, price FROM products WHERE category='electronics';RowsAffected=9;DatabaseName=CustomerDB;
2024-03-13 15:30:16.000,MSSQLSERVER,Audit Login,,user104,DBSERVER02,,LoginName=user104;StatementText=SELECT COUNT(*) FROM orders GROUP BY status;RowsAffected=8;DatabaseName=CustomerDB;
2024-03-13 17:53:10.000,MSSQLSERVER,Audit Login,,user201,DBSERVER02,,LoginName=user201;StatementText=INSERT INTO audit_log(user_id, action) VALUES('user101', 'login');RowsAffected=9;DatabaseName=CustomerDB;
2024-03-13 23:27:22.000,MSSQLSERVER,Audit Login,,emp007,DBSERVER02,,LoginName=emp007;StatementText=SELECT cust_name, rrn, email, address FROM members WHERE id=6855;RowsAffected=7;DatabaseName=CustomerDB;
2024-03-14 01:22:50.000,MSSQLSERVER,Audit Login,,emp007,DBSERVER02,,LoginName=emp007;StatementText=SELECT cust_name, rrn, email, address FROM members WHERE id=2256;RowsAffected=5;DatabaseName=CustomerDB;
2024-03-14 09:02:30.000,MSSQLSERVER,Audit Login,,user101,DBSERVER02,,LoginName=user101;StatementText=SELECT id, created_at FROM sessions WHERE expires_at < NOW();RowsAffected=8;DatabaseName=CustomerDB;
2024-03-14 12:57:59.000,MSSQLSERVER,Audit Login,,user201,DBSERVER02,,LoginName=user201;StatementText=INSERT INTO audit_log(user_id, action) VALUES('user101', 'login');RowsAffected=2;DatabaseName=CustomerDB;
2024-03-14 14:41:41.000,MSSQLSERVER,Audit Login,,user201,DBSERVER02,,LoginName=user201;StatementText=UPDATE orders SET status='shipped' WHERE order_id=12345;RowsAffected=7;DatabaseName=CustomerDB;
2024-03-14 16:43:15.000,MSSQLSERVER,Audit Login,,admin01,DBSERVER02,,LoginName=admin01;StatementText=SELECT cust_name, rrn, phone, card_no FROM customers WHERE dept='영업부';RowsAffected=1987;DatabaseName=CustomerDB;
2024-03-14 16:44:08.000,MSSQLSERVER,Audit Login,,user105,DBSERVER02,,LoginName=user105;StatementText=SELECT COUNT(*) FROM orders GROUP BY status;RowsAffected=2;DatabaseName=CustomerDB;
2024-03-14 16:47:41.000,MSSQLSERVER,Audit Login,,user201,DBSERVER02,,LoginName=user201;StatementText=SELECT order_id, product_id, qty FROM orders WHERE order_date > '2024-03-01';RowsAffected=4;DatabaseName=CustomerDB;
2024-03-14 17:25:30.000,MSSQLSERVER,Audit Login,,user101,DBSERVER02,,LoginName=user101;StatementText=SELECT id, created_at FROM sessions WHERE expires_at < NOW();RowsAffected=1;DatabaseName=CustomerDB;
2024-03-14 17:36:23.000,MSSQLSERVER,Audit Login,,user105,DBSERVER02,,LoginName=user105;StatementText=SELECT order_id, product_id, qty FROM orders WHERE order_date > '2024-03-01';RowsAffected=0;DatabaseName=CustomerDB;
2024-03-15 12:17:03.000,MSSQLSERVER,Audit Login,,user104,DBSERVER02,,LoginName=user104;StatementText=SELECT COUNT(*) FROM orders GROUP BY status;RowsAffected=1;DatabaseName=CustomerDB;
2024-03-15 12:46:43.000,MSSQLSERVER,Audit Login,,user202,DBSERVER02,,LoginName=user202;StatementText=INSERT INTO audit_log(user_id, action) VALUES('user101', 'login');RowsAffected=3;DatabaseName=CustomerDB;
2024-03-15 13:23:11.000,MSSQLSERVER,Audit Login,,user103,DBSERVER02,,LoginName=user103;StatementText=SELECT COUNT(*) FROM orders GROUP BY status;RowsAffected=8;DatabaseName=CustomerDB;
2024-03-15 13:36:08.000,MSSQLSERVER,Audit Login,,user203,DBSERVER02,,LoginName=user203;StatementText=UPDATE orders SET status='shipped' WHERE order_id=12345;RowsAffected=2;DatabaseName=CustomerDB;
2024-03-15 13:43:41.000,MSSQLSERVER,Audit Login,,user102,DBSERVER02,,LoginName=user102;StatementText=SELECT id, created_at FROM sessions WHERE expires_at < NOW();RowsAffected=7;DatabaseName=CustomerDB;
2024-03-15 15:16:55.000,MSSQLSERVER,Audit Login,,admin01,DBSERVER02,,LoginName=admin01;StatementText=SELECT name, phone, rrn, email, address FROM customers WHERE created_date >= '2024-03-01';RowsAffected=4817;DatabaseName=CustomerDB;
2024-03-15 15:30:19.000,MSSQLSERVER,Audit Login,,user103,DBSERVER02,,LoginName=user103;StatementText=SELECT product_name, price FROM products WHERE category='electronics';RowsAffected=8;DatabaseName=CustomerDB;
2024-03-15 16:01:04.000,MSSQLSERVER,Audit Login,,user201,DBSERVER02,,LoginName=user201;StatementText=SELECT product_name, price FROM products WHERE category='electronics';RowsAffected=1;DatabaseName=CustomerDB;
2024-03-15 16:49:08.000,MSSQLSERVER,Audit Login,,user101,DBSERVER02,,LoginName=user101;StatementText=SELECT id, created_at FROM sessions WHERE expires_at < NOW();RowsAffected=6;DatabaseName=CustomerDB;
2024-03-16 04:27:41.000,MSSQLSERVER,Audit Login,,emp007,DBSERVER02,,LoginName=emp007;StatementText=SELECT cust_name, rrn, email, address FROM members WHERE id=1606;RowsAffected=4;DatabaseName=CustomerDB;
2024-03-16 09:06:24.000,MSSQLSERVER,Audit Login,,user101,DBSERVER02,,LoginName=user101;StatementText=SELECT order_id, product_id, qty FROM orders WHERE order_date > '2024-03-01';RowsAffected=1;DatabaseName=CustomerDB;
2024-03-16 11:55:13.000,MSSQLSERVER,Audit Login,,user103,DBSERVER02,,LoginName=user103;StatementText=INSERT INTO audit_log(user_id, action) VALUES('user101', 'login');RowsAffected=10;DatabaseName=CustomerDB;
2024-03-16 11:56:39.000,MSSQLSERVER,Audit Login,,user203,DBSERVER02,,LoginName=user203;StatementText=SELECT COUNT(*) FROM orders GROUP BY status;RowsAffected=4;DatabaseName=CustomerDB;
2024-03-16 12:05:35.000,MSSQLSERVER,Audit Login,,user203,DBSERVER02,,LoginName=user203;StatementText=SELECT order_id, product_id, qty FROM orders WHERE order_date > '2024-03-01';RowsAffected=6;DatabaseName=CustomerDB;
2024-03-16 13:10:45.000,MSSQLSERVER,Audit Login,,user101,DBSERVER02,,LoginName=user101;StatementText=SELECT product_name, price FROM products WHERE category='electronics';RowsAffected=9;DatabaseName=CustomerDB;
2024-03-16 13:27:38.000,MSSQLSERVER,Audit Login,,user102,DBSERVER02,,LoginName=user102;StatementText=UPDATE orders SET status='shipped' WHERE order_id=12345;RowsAffected=4;DatabaseName=CustomerDB;
2024-03-16 15:04:21.000,MSSQLSERVER,Audit Login,,user103,DBSERVER02,,LoginName=user103;StatementText=SELECT COUNT(*) FROM orders GROUP BY status;RowsAffected=9;DatabaseName=CustomerDB;
2024-03-16 16:54:10.000,MSSQLSERVER,Audit Login,,user201,DBSERVER02,,LoginName=user201;StatementText=UPDATE orders SET status='shipped' WHERE order_id=12345;RowsAffected=5;DatabaseName=CustomerDB;
2024-03-16 17:43:52.000,MSSQLSERVER,Audit Login,,user102,DBSERVER02,,LoginName=user102;StatementText=INSERT INTO audit_log(user_id, action) VALUES('user101', 'login');RowsAffected=4;DatabaseName=CustomerDB;
2024-03-16 17:53:51.000,MSSQLSERVER,Audit Login,,user105,DBSERVER02,,LoginName=user105;StatementText=SELECT product_name, price FROM products WHERE category='electronics';RowsAffected=0;DatabaseName=CustomerDB;
2024-03-17 02:27:42.000,MSSQLSERVER,Audit Login,,emp007,DBSERVER02,,LoginName=emp007;StatementText=SELECT cust_name, rrn, email, address FROM members WHERE id=9846;RowsAffected=6;DatabaseName=CustomerDB;
2024-03-17 10:15:30.000,MSSQLSERVER,Audit Login,,user102,DBSERVER02,,LoginName=user102;StatementText=SELECT id, created_at FROM sessions WHERE expires_at < NOW();RowsAffected=10;DatabaseName=CustomerDB;
2024-03-17 10:25:52.000,MSSQLSERVER,Audit Login,,user103,DBSERVER02,,LoginName=user103;StatementText=SELECT id, created_at FROM sessions WHERE expires_at < NOW();RowsAffected=1;DatabaseName=CustomerDB;
2024-03-17 10:39:23.000,MSSQLSERVER,Audit Login,,user102,DBSERVER02,,LoginName=user102;StatementText=INSERT INTO audit_log(user_id, action) VALUES('user101', 'login');RowsAffected=8;DatabaseName=CustomerDB;
2024-03-17 16:26:15.000,MSSQLSERVER,Audit Login,,user105,DBSERVER02,,LoginName=user105;StatementText=SELECT COUNT(*) FROM orders GROUP BY status;RowsAffected=9;DatabaseName=CustomerDB;
2024-03-17 16:36:46.000,MSSQLSERVER,Audit Login,,user203,DBSERVER02,,LoginName=user203;StatementText=UPDATE orders SET status='shipped' WHERE order_id=12345;RowsAffected=6;DatabaseName=CustomerDB;
2024-03-18 10:50:19.000,MSSQLSERVER,Audit Login,,user201,DBSERVER02,,LoginName=user201;StatementText=INSERT INTO audit_log(user_id, action) VALUES('user101', 'login');RowsAffected=7;DatabaseName=CustomerDB;
2024-03-18 11:28:15.000,MSSQLSERVER,Audit Login,,user201,DBSERVER02,,LoginName=user201;StatementText=INSERT INTO audit_log(user_id, action) VALUES('user101', 'login');RowsAffected=0;DatabaseName=CustomerDB;
2024-03-18 12:42:11.000,MSSQLSERVER,Audit Login,,user202,DBSERVER02,,LoginName=user202;StatementText=SELECT product_name, price FROM products WHERE category='electronics';RowsAffected=2;DatabaseName=CustomerDB;
2024-03-18 13:07:58.000,MSSQLSERVER,Audit Login,,user103,DBSERVER02,,LoginName=user103;StatementText=SELECT order_id, product_id, qty FROM orders WHERE order_date > '2024-03-01';RowsAffected=6;DatabaseName=CustomerDB;
2024-03-18 14:44:07.000,MSSQLSERVER,Audit Login,,admin01,DBSERVER02,,LoginName=admin01;StatementText=SELECT cust_name, rrn, phone, card_no FROM customers WHERE dept='영업부';RowsAffected=5270;DatabaseName=CustomerDB;
2024-03-18 15:53:59.000,MSSQLSERVER,Audit Login,,user104,DBSERVER02,,LoginName=user104;StatementText=UPDATE orders SET status='shipped' WHERE order_id=12345;RowsAffected=6;DatabaseName=CustomerDB;
2024-03-18 17:01:13.000,MSSQLSERVER,Audit Login,,user201,DBSERVER02,,LoginName=user201;StatementText=INSERT INTO audit_log(user_id, action) VALUES('user101', 'login');RowsAffected=10;DatabaseName=CustomerDB;
2024-03-19 05:13:42.000,MSSQLSERVER,Audit Login,,emp007,DBSERVER02,,LoginName=emp007;StatementText=SELECT cust_name, rrn, email, address FROM members WHERE id=8656;RowsAffected=5;DatabaseName=CustomerDB;
2024-03-19 09:32:45.000,MSSQLSERVER,Audit Login,,user202,DBSERVER02,,LoginName=user202;StatementText=SELECT product_name, price FROM products WHERE category='electronics';RowsAffected=7;DatabaseName=CustomerDB;
2024-03-19 09:42:18.000,MSSQLSERVER,Audit Login,,user103,DBSERVER02,,LoginName=user103;StatementText=SELECT id, created_at FROM sessions WHERE expires_at < NOW();RowsAffected=9;DatabaseName=CustomerDB;
2024-03-19 15:15:39.000,MSSQLSERVER,Audit Login,,user202,DBSERVER02,,LoginName=user202;StatementText=SELECT COUNT(*) FROM orders GROUP BY status;RowsAffected=8;DatabaseName=CustomerDB;
2024-03-19 16:54:46.000,MSSQLSERVER,Audit Login,,user101,DBSERVER02,,LoginName=user101;StatementText=SELECT COUNT(*) FROM orders GROUP BY status;RowsAffected=8;DatabaseName=CustomerDB;
2024-03-19 17:54:14.000,MSSQLSERVER,Audit Login,,user103,DBSERVER02,,LoginName=user103;StatementText=SELECT order_id, product_id, qty FROM orders WHERE order_date > '2024-03-01';RowsAffected=6;DatabaseName=CustomerDB;
2024-03-20 10:58:28.000,MSSQLSERVER,Audit Login,,user104,DBSERVER02,,LoginName=user104;StatementText=SELECT id, created_at FROM sessions WHERE expires_at < NOW();RowsAffected=4;DatabaseName=CustomerDB;
2024-03-20 11:29:32.000,MSSQLSERVER,Audit Login,,user202,DBSERVER02,,LoginName=user202;StatementText=SELECT product_name, price FROM products WHERE category='electronics';RowsAffected=8;DatabaseName=CustomerDB;
2024-03-20 11:45:31.000,MSSQLSERVER,Audit Login,,user101,DBSERVER02,,LoginName=user101;StatementText=INSERT INTO audit_log(user_id, action) VALUES('user101', 'login');RowsAffected=1;DatabaseName=CustomerDB;
2024-03-20 11:53:31.000,MSSQLSERVER,Audit Login,,user103,DBSERVER02,,LoginName=user103;StatementText=SELECT product_name, price FROM products WHERE category='electronics';RowsAffected=6;DatabaseName=CustomerDB;
2024-03-20 13:55:04.000,MSSQLSERVER,Audit Login,,admin01,DBSERVER02,,LoginName=admin01;StatementText=SELECT * FROM personal_info WHERE hire_date >= '2020-01-01';RowsAffected=3777;DatabaseName=CustomerDB;
2024-03-20 14:19:21.000,MSSQLSERVER,Audit Login,,user203,DBSERVER02,,LoginName=user203;StatementText=SELECT COUNT(*) FROM orders GROUP BY status;RowsAffected=10;DatabaseName=CustomerDB;
2024-03-20 14:34:28.000,MSSQLSERVER,Audit Login,,user105,DBSERVER02,,LoginName=user105;StatementText=SELECT order_id, product_id, qty FROM orders WHERE order_date > '2024-03-01';RowsAffected=2;DatabaseName=CustomerDB;
2024-03-20 14:51:43.000,MSSQLSERVER,Audit Login,,user203,DBSERVER02,,LoginName=user203;StatementText=SELECT id, created_at FROM sessions WHERE expires_at < NOW();RowsAffected=1;DatabaseName=CustomerDB;
2024-03-20 16:02:06.000,MSSQLSERVER,Audit Login,,user201,DBSERVER02,,LoginName=user201;StatementText=SELECT id, created_at FROM sessions WHERE expires_at < NOW();RowsAffected=0;DatabaseName=CustomerDB;
2024-03-20 17:03:58.000,MSSQLSERVER,Audit Login,,user201,DBSERVER02,,LoginName=user201;StatementText=SELECT id, created_at FROM sessions WHERE expires_at < NOW();RowsAffected=5;DatabaseName=CustomerDB;
2024-03-20 17:25:54.000,MSSQLSERVER,Audit Login,,user101,DBSERVER02,,LoginName=user101;StatementText=SELECT COUNT(*) FROM orders GROUP BY status;RowsAffected=4;DatabaseName=CustomerDB;
2024-03-20 23:45:54.000,MSSQLSERVER,Audit Login,,emp007,DBSERVER02,,LoginName=emp007;StatementText=SELECT cust_name, rrn, email, address FROM members WHERE id=2552;RowsAffected=6;DatabaseName=CustomerDB;
2024-03-21 02:37:05.000,MSSQLSERVER,Audit Login,,emp007,DBSERVER02,,LoginName=emp007;StatementText=SELECT cust_name, rrn, email, address FROM members WHERE id=2073;RowsAffected=5;DatabaseName=CustomerDB;
2024-03-21 09:53:47.000,MSSQLSERVER,Audit Login,,admin01,DBSERVER02,,LoginName=admin01;StatementText=SELECT name, phone, rrn, email, address FROM customers WHERE created_date >= '2024-03-01';RowsAffected=2763;DatabaseName=CustomerDB;
2024-03-21 14:45:24.000,MSSQLSERVER,Audit Login,,user202,DBSERVER02,,LoginName=user202;StatementText=SELECT product_name, price FROM products WHERE category='electronics';RowsAffected=6;DatabaseName=CustomerDB;
2024-03-21 15:55:29.000,MSSQLSERVER,Audit Login,,user103,DBSERVER02,,LoginName=user103;StatementText=SELECT id, created_at FROM sessions WHERE expires_at < NOW();RowsAffected=9;DatabaseName=CustomerDB;
2024-03-21 16:06:09.000,MSSQLSERVER,Audit Login,,user103,DBSERVER02,,LoginName=user103;StatementText=INSERT INTO audit_log(user_id, action) VALUES('user101', 'login');RowsAffected=6;DatabaseName=CustomerDB;
2024-03-21 23:53:54.000,MSSQLSERVER,Audit Login,,emp007,DBSERVER02,,LoginName=emp007;StatementText=SELECT cust_name, rrn, email, address FROM members WHERE id=9779;RowsAffected=4;DatabaseName=CustomerDB;
2024-03-22 00:41:54.000,MSSQLSERVER,Audit Login,,emp007,DBSERVER02,,LoginName=emp007;StatementText=SELECT cust_name, rrn, email, address FROM members WHERE id=1691;RowsAffected=8;DatabaseName=CustomerDB;
2024-03-22 00:56:01.000,MSSQLSERVER,Audit Login,,emp007,DBSERVER02,,LoginName=emp007;StatementText=SELECT cust_name, rrn, email, address FROM members WHERE id=9457;RowsAffected=3;DatabaseName=CustomerDB;
2024-03-22 10:25:53.000,MSSQLSERVER,Audit Login,,admin01,DBSERVER02,,LoginName=admin01;StatementText=SELECT * FROM members WHERE status='active';RowsAffected=2733;DatabaseName=CustomerDB;
2024-03-22 10:32:25.000,MSSQLSERVER,Audit Login,,user203,DBSERVER02,,LoginName=user203;StatementText=SELECT COUNT(*) FROM orders GROUP BY status;RowsAffected=7;DatabaseName=CustomerDB;
2024-03-22 11:20:35.000,MSSQLSERVER,Audit Login,,user201,DBSERVER02,,LoginName=user201;StatementText=SELECT order_id, product_id, qty FROM orders WHERE order_date > '2024-03-01';RowsAffected=10;DatabaseName=CustomerDB;
2024-03-22 11:28:34.000,MSSQLSERVER,Audit Login,,user103,DBSERVER02,,LoginName=user103;StatementText=UPDATE orders SET status='shipped' WHERE order_id=12345;RowsAffected=6;DatabaseName=CustomerDB;
2024-03-22 14:22:09.000,MSSQLSERVER,Audit Login,,user101,DBSERVER02,,LoginName=user101;StatementText=UPDATE orders SET status='shipped' WHERE order_id=12345;RowsAffected=7;DatabaseName=CustomerDB;
2024-03-22 15:17:09.000,MSSQLSERVER,Audit Login,,user101,DBSERVER02,,LoginName=user101;StatementText=SELECT id, created_at FROM sessions WHERE expires_at < NOW();RowsAffected=5;DatabaseName=CustomerDB;
2024-03-22 16:22:14.000,MSSQLSERVER,Audit Login,,user102,DBSERVER02,,LoginName=user102;StatementText=SELECT id, created_at FROM sessions WHERE expires_at < NOW();RowsAffected=4;DatabaseName=CustomerDB;
2024-03-22 16:31:11.000,MSSQLSERVER,Audit Login,,user103,DBSERVER02,,LoginName=user103;StatementText=SELECT COUNT(*) FROM orders GROUP BY status;RowsAffected=10;DatabaseName=CustomerDB;
2024-03-22 16:46:40.000,MSSQLSERVER,Audit Login,,user104,DBSERVER02,,LoginName=user104;StatementText=SELECT COUNT(*) FROM orders GROUP BY status;RowsAffected=3;DatabaseName=CustomerDB;
2024-03-22 17:51:37.000,MSSQLSERVER,Audit Login,,user102,DBSERVER02,,LoginName=user102;StatementText=UPDATE orders SET status='shipped' WHERE order_id=12345;RowsAffected=9;DatabaseName=CustomerDB;
2024-03-23 12:39:03.000,MSSQLSERVER,Audit Login,,user104,DBSERVER02,,LoginName=user104;StatementText=SELECT order_id, product_id, qty FROM orders WHERE order_date > '2024-03-01';RowsAffected=9;DatabaseName=CustomerDB;
2024-03-23 13:21:33.000,MSSQLSERVER,Audit Login,,user102,DBSERVER02,,LoginName=user102;StatementText=SELECT product_name, price FROM products WHERE category='electronics';RowsAffected=8;DatabaseName=CustomerDB;
2024-03-23 14:07:37.000,MSSQLSERVER,Audit Login,,user203,DBSERVER02,,LoginName=user203;StatementText=SELECT product_name, price FROM products WHERE category='electronics';RowsAffected=1;DatabaseName=CustomerDB;
2024-03-23 15:57:06.000,MSSQLSERVER,Audit Login,,user105,DBSERVER02,,LoginName=user105;StatementText=SELECT id, created_at FROM sessions WHERE expires_at < NOW();RowsAffected=5;DatabaseName=CustomerDB;
2024-03-24 09:29:24.000,MSSQLSERVER,Audit Login,,user104,DBSERVER02,,LoginName=user104;StatementText=SELECT id, created_at FROM sessions WHERE expires_at < NOW();RowsAffected=8;DatabaseName=CustomerDB;
2024-03-24 10:38:11.000,MSSQLSERVER,Audit Login,,user101,DBSERVER02,,LoginName=user101;StatementText=INSERT INTO audit_log(user_id, action) VALUES('user101', 'login');RowsAffected=2;DatabaseName=CustomerDB;
2024-03-24 12:40:22.000,MSSQLSERVER,Audit Login,,user203,DBSERVER02,,LoginName=user203;StatementText=UPDATE orders SET status='shipped' WHERE order_id=12345;RowsAffected=3;DatabaseName=CustomerDB;
2024-03-24 12:48:47.000,MSSQLSERVER,Audit Login,,user203,DBSERVER02,,LoginName=user203;StatementText=SELECT COUNT(*) FROM orders GROUP BY status;RowsAffected=5;DatabaseName=CustomerDB;
2024-03-24 13:03:40.000,MSSQLSERVER,Audit Login,,user105,DBSERVER02,,LoginName=user105;StatementText=SELECT product_name, price FROM products WHERE category='electronics';RowsAffected=9;DatabaseName=CustomerDB;
2024-03-24 14:14:49.000,MSSQLSERVER,Audit Login,,user104,DBSERVER02,,LoginName=user104;StatementText=SELECT order_id, product_id, qty FROM orders WHERE order_date > '2024-03-01';RowsAffected=5;DatabaseName=CustomerDB;
2024-03-24 15:47:55.000,MSSQLSERVER,Audit Login,,user101,DBSERVER02,,LoginName=user101;StatementText=SELECT COUNT(*) FROM orders GROUP BY status;RowsAffected=3;DatabaseName=CustomerDB;
2024-03-24 16:37:37.000,MSSQLSERVER,Audit Login,,user104,DBSERVER02,,LoginName=user104;StatementText=UPDATE orders SET status='shipped' WHERE order_id=12345;RowsAffected=6;DatabaseName=CustomerDB;
2024-03-24 17:32:21.000,MSSQLSERVER,Audit Login,,user101,DBSERVER02,,LoginName=user101;StatementText=SELECT id, created_at FROM sessions WHERE expires_at < NOW();RowsAffected=4;DatabaseName=CustomerDB;
2024-03-24 17:54:48.000,MSSQLSERVER,Audit Login,,user103,DBSERVER02,,LoginName=user103;StatementText=UPDATE orders SET status='shipped' WHERE order_id=12345;RowsAffected=7;DatabaseName=CustomerDB;
2024-03-25 02:20:03.000,MSSQLSERVER,Audit Login,,emp007,DBSERVER02,,LoginName=emp007;StatementText=SELECT cust_name, rrn, email, address FROM members WHERE id=1461;RowsAffected=1;DatabaseName=CustomerDB;
2024-03-25 11:29:59.000,MSSQLSERVER,Audit Login,,user203,DBSERVER02,,LoginName=user203;StatementText=UPDATE orders SET status='shipped' WHERE order_id=12345;RowsAffected=2;DatabaseName=CustomerDB;
2024-03-26 09:03:55.000,MSSQLSERVER,Audit Login,,admin01,DBSERVER02,,LoginName=admin01;StatementText=SELECT name, phone, rrn, email, address FROM customers WHERE created_date >= '2024-03-01';RowsAffected=3371;DatabaseName=CustomerDB;
2024-03-26 09:41:08.000,MSSQLSERVER,Audit Login,,user203,DBSERVER02,,LoginName=user203;StatementText=SELECT product_name, price FROM products WHERE category='electronics';RowsAffected=2;DatabaseName=CustomerDB;
2024-03-26 10:39:56.000,MSSQLSERVER,Audit Login,,user104,DBSERVER02,,LoginName=user104;StatementText=UPDATE orders SET status='shipped' WHERE order_id=12345;RowsAffected=0;DatabaseName=CustomerDB;
2024-03-26 13:12:01.000,MSSQLSERVER,Audit Login,,user104,DBSERVER02,,LoginName=user104;StatementText=SELECT order_id, product_id, qty FROM orders WHERE order_date > '2024-03-01';RowsAffected=8;DatabaseName=CustomerDB;
2024-03-26 14:04:09.000,MSSQLSERVER,Audit Login,,user201,DBSERVER02,,LoginName=user201;StatementText=UPDATE orders SET status='shipped' WHERE order_id=12345;RowsAffected=0;DatabaseName=CustomerDB;
2024-03-26 14:40:29.000,MSSQLSERVER,Audit Login,,user103,DBSERVER02,,LoginName=user103;StatementText=SELECT id, created_at FROM sessions WHERE expires_at < NOW();RowsAffected=10;DatabaseName=CustomerDB;
2024-03-26 15:26:02.000,MSSQLSERVER,Audit Login,,user104,DBSERVER02,,LoginName=user104;StatementText=UPDATE orders SET status='shipped' WHERE order_id=12345;RowsAffected=5;DatabaseName=CustomerDB;
2024-03-26 15:36:50.000,MSSQLSERVER,Audit Login,,user202,DBSERVER02,,LoginName=user202;StatementText=UPDATE orders SET status='shipped' WHERE order_id=12345;RowsAffected=8;DatabaseName=CustomerDB;
2024-03-26 16:57:32.000,MSSQLSERVER,Audit Login,,user101,DBSERVER02,,LoginName=user101;StatementText=SELECT COUNT(*) FROM orders GROUP BY status;RowsAffected=3;DatabaseName=CustomerDB;
2024-03-27 10:00:26.000,MSSQLSERVER,Audit Login,,user101,DBSERVER02,,LoginName=user101;StatementText=SELECT order_id, product_id, qty FROM orders WHERE order_date > '2024-03-01';RowsAffected=8;DatabaseName=CustomerDB;
2024-03-27 10:07:31.000,MSSQLSERVER,Audit Login,,user102,DBSERVER02,,LoginName=user102;StatementText=INSERT INTO audit_log(user_id, action) VALUES('user101', 'login');RowsAffected=9;DatabaseName=CustomerDB;
2024-03-27 10:29:39.000,MSSQLSERVER,Audit Login,,user105,DBSERVER02,,LoginName=user105;StatementText=SELECT COUNT(*) FROM orders GROUP BY status;RowsAffected=9;DatabaseName=CustomerDB;
2024-03-27 11:56:37.000,MSSQLSERVER,Audit Login,,user104,DBSERVER02,,LoginName=user104;StatementText=SELECT id, created_at FROM sessions WHERE expires_at < NOW();RowsAffected=0;DatabaseName=CustomerDB;
2024-03-27 12:48:02.000,MSSQLSERVER,Audit Login,,user201,DBSERVER02,,LoginName=user201;StatementText=INSERT INTO audit_log(user_id, action) VALUES('user101', 'login');RowsAffected=2;DatabaseName=CustomerDB;
2024-03-27 13:13:33.000,MSSQLSERVER,Audit Login,,user203,DBSERVER02,,LoginName=user203;StatementText=UPDATE orders SET status='shipped' WHERE order_id=12345;RowsAffected=2;DatabaseName=CustomerDB;
2024-03-27 17:04:18.000,MSSQLSERVER,Audit Login,,user202,DBSERVER02,,LoginName=user202;StatementText=SELECT product_name, price FROM products WHERE category='electronics';RowsAffected=2;DatabaseName=CustomerDB;
2024-03-27 17:19:36.000,MSSQLSERVER,Audit Login,,user101,DBSERVER02,,LoginName=user101;StatementText=SELECT id, created_at FROM sessions WHERE expires_at < NOW();RowsAffected=10;DatabaseName=CustomerDB;
2024-03-28 04:17:52.000,MSSQLSERVER,Audit Login,,emp007,DBSERVER02,,LoginName=emp007;StatementText=SELECT cust_name, rrn, email, address FROM members WHERE id=5702;RowsAffected=3;DatabaseName=CustomerDB;
2024-03-28 04:26:20.000,MSSQLSERVER,Audit Login,,emp007,DBSERVER02,,LoginName=emp007;StatementText=SELECT cust_name, rrn, email, address FROM members WHERE id=2055;RowsAffected=4;DatabaseName=CustomerDB;
2024-03-28 10:24:57.000,MSSQLSERVER,Audit Login,,user101,DBSERVER02,,LoginName=user101;StatementText=SELECT id, created_at FROM sessions WHERE expires_at < NOW();RowsAffected=5;DatabaseName=CustomerDB;
2024-03-28 12:37:30.000,MSSQLSERVER,Audit Login,,user203,DBSERVER02,,LoginName=user203;StatementText=SELECT product_name, price FROM products WHERE category='electronics';RowsAffected=4;DatabaseName=CustomerDB;
2024-03-29 09:07:24.000,MSSQLSERVER,Audit Login,,user201,DBSERVER02,,LoginName=user201;StatementText=UPDATE orders SET status='shipped' WHERE order_id=12345;RowsAffected=7;DatabaseName=CustomerDB;
2024-03-29 10:15:38.000,MSSQLSERVER,Audit Login,,admin01,DBSERVER02,,LoginName=admin01;StatementText=SELECT name, phone, rrn, email, address FROM customers WHERE created_date >= '2024-03-01';RowsAffected=3367;DatabaseName=CustomerDB;
2024-03-29 13:32:43.000,MSSQLSERVER,Audit Login,,user201,DBSERVER02,,LoginName=user201;StatementText=SELECT product_name, price FROM products WHERE category='electronics';RowsAffected=4;DatabaseName=CustomerDB;
2024-03-29 13:38:10.000,MSSQLSERVER,Audit Login,,user104,DBSERVER02,,LoginName=user104;StatementText=SELECT id, created_at FROM sessions WHERE expires_at < NOW();RowsAffected=9;DatabaseName=CustomerDB;
2024-03-29 13:48:36.000,MSSQLSERVER,Audit Login,,user203,DBSERVER02,,LoginName=user203;StatementText=SELECT id, created_at FROM sessions WHERE expires_at < NOW();RowsAffected=2;DatabaseName=CustomerDB;
2024-03-29 14:34:49.000,MSSQLSERVER,Audit Login,,user101,DBSERVER02,,LoginName=user101;StatementText=SELECT order_id, product_id, qty FROM orders WHERE order_date > '2024-03-01';RowsAffected=7;DatabaseName=CustomerDB;
2024-03-29 16:05:05.000,MSSQLSERVER,Audit Login,,user104,DBSERVER02,,LoginName=user104;StatementText=SELECT product_name, price FROM products WHERE category='electronics';RowsAffected=2;DatabaseName=CustomerDB;
2024-03-29 17:57:21.000,MSSQLSERVER,Audit Login,,user203,DBSERVER02,,LoginName=user203;StatementText=SELECT product_name, price FROM products WHERE category='electronics';RowsAffected=6;DatabaseName=CustomerDB;
2024-03-30 04:59:36.000,MSSQLSERVER,Audit Login,,emp007,DBSERVER02,,LoginName=emp007;StatementText=SELECT cust_name, rrn, email, address FROM members WHERE id=1981;RowsAffected=4;DatabaseName=CustomerDB;
2024-03-30 11:39:36.000,MSSQLSERVER,Audit Login,,user201,DBSERVER02,,LoginName=user201;StatementText=SELECT product_name, price FROM products WHERE category='electronics';RowsAffected=8;DatabaseName=CustomerDB;
2024-03-30 13:49:27.000,MSSQLSERVER,Audit Login,,user203,DBSERVER02,,LoginName=user203;StatementText=SELECT id, created_at FROM sessions WHERE expires_at < NOW();RowsAffected=10;DatabaseName=CustomerDB;
2024-03-30 15:45:58.000,MSSQLSERVER,Audit Login,,user105,DBSERVER02,,LoginName=user105;StatementText=UPDATE orders SET status='shipped' WHERE order_id=12345;RowsAffected=1;DatabaseName=CustomerDB;
2024-03-30 16:36:08.000,MSSQLSERVER,Audit Login,,user102,DBSERVER02,,LoginName=user102;StatementText=SELECT order_id, product_id, qty FROM orders WHERE order_date > '2024-03-01';RowsAffected=7;DatabaseName=CustomerDB;
2024-03-30 16:46:55.000,MSSQLSERVER,Audit Login,,user201,DBSERVER02,,LoginName=user201;StatementText=INSERT INTO audit_log(user_id, action) VALUES('user101', 'login');RowsAffected=4;DatabaseName=CustomerDB;
2024-03-31 10:06:10.000,MSSQLSERVER,Audit Login,,user105,DBSERVER02,,LoginName=user105;StatementText=UPDATE orders SET status='shipped' WHERE order_id=12345;RowsAffected=1;DatabaseName=CustomerDB;
2024-03-31 10:45:07.000,MSSQLSERVER,Audit Login,,user104,DBSERVER02,,LoginName=user104;StatementText=SELECT order_id, product_id, qty FROM orders WHERE order_date > '2024-03-01';RowsAffected=9;DatabaseName=CustomerDB;
2024-03-31 13:18:10.000,MSSQLSERVER,Audit Login,,user201,DBSERVER02,,LoginName=user201;StatementText=SELECT order_id, product_id, qty FROM orders WHERE order_date > '2024-03-01';RowsAffected=9;DatabaseName=CustomerDB;
2024-03-31 13:36:15.000,MSSQLSERVER,Audit Login,,user103,DBSERVER02,,LoginName=user103;StatementText=SELECT COUNT(*) FROM orders GROUP BY status;RowsAffected=1;DatabaseName=CustomerDB;
2024-03-31 15:39:58.000,MSSQLSERVER,Audit Login,,user201,DBSERVER02,,LoginName=user201;StatementText=SELECT id, created_at FROM sessions WHERE expires_at < NOW();RowsAffected=4;DatabaseName=CustomerDB;
2024-03-31 17:09:47.000,MSSQLSERVER,Audit Login,,user203,DBSERVER02,,LoginName=user203;StatementText=INSERT INTO audit_log(user_id, action) VALUES('user101', 'login');RowsAffected=3;DatabaseName=CustomerDB;
2024-03-31 17:43:02.000,MSSQLSERVER,Audit Login,,user201,DBSERVER02,,LoginName=user201;StatementText=SELECT order_id, product_id, qty FROM orders WHERE order_date > '2024-03-01';RowsAffected=8;DatabaseName=CustomerDB;
